sample.interval=20000
"gzfile" "readRDS" "FUN" "lapply" ".rs.getCompletionsHelp" "<Anonymous>" 
"gzfile" "readRDS" "FUN" "lapply" ".rs.getCompletionsHelp" "<Anonymous>" 
"gzfile" "readRDS" "FUN" "lapply" ".rs.getCompletionsHelp" "<Anonymous>" 
"gzfile" "readRDS" "FUN" "lapply" ".rs.getCompletionsHelp" "<Anonymous>" 
"substring" ".rs.startsWith" ".rs.fuzzyMatches" ".rs.selectFuzzyMatches" "FUN" "lapply" ".rs.getCompletionsHelp" "<Anonymous>" 
".rs.getCompletionsHelp" "<Anonymous>" 
"close" "readRDS" "FUN" "lapply" "find.package" "index.search" "help" "eval" "eval" "?" 
"gzfile" "readRDS" "index.search" "help" "eval" "eval" "?" 
"gzfile" "readRDS" "index.search" "help" "eval" "eval" "?" 
"gzfile" "readRDS" "index.search" "help" "eval" "eval" "?" 
"tolower" "nchar" ".rs.startsWith" ".rs.fuzzyMatches" ".rs.getCompletionsSearchPath" "Reduce" "<Anonymous>" 
"ls" "FUN" "lapply" ".rs.objectsOnSearchPath" ".rs.getCompletionsSearchPath" "Reduce" "<Anonymous>" 
"ls" "FUN" "lapply" ".rs.objectsOnSearchPath" ".rs.getCompletionsSearchPath" "Reduce" "<Anonymous>" 
"cmpTag" "cmpCallArgs" "cmpCallSymFun" "cmpCall" "cmp" "h" "tryInline" "cmpCall" "cmp" "h" "tryInline" "cmpCall" "cmp" "genCode" "cmpfun" "doTryCatch" "tryCatchOne" "tryCatchList" "tryCatch" "compiler:::tryCmpfun" "<Anonymous>" 
"findCenvVar" "findVar" "cmpSym" "cmp" "genCode" "cb$putconst" "cmpCallArgs" "cmpCallSymFun" "cmpCall" "cmp" "h" "tryInline" "cmpCall" "cmp" "h" "tryInline" "cmpCall" "cmp" "h" "tryInline" "cmpCall" "cmp" "h" "tryInline" "cmpCall" "cmp" "h" "tryInline" "cmpCall" "cmp" "genCode" "cmpfun" "doTryCatch" "tryCatchOne" "tryCatchList" "tryCatch" "compiler:::tryCmpfun" ".rs.getHelpFunction" "<Anonymous>" 
"$" "findCenvVar" "getInlineInfo" "tryInline" "cmpCall" "cmp" "cmpSymbolAssign" "h" "tryInline" "cmpCall" "cmp" "h" "tryInline" "cmpCall" "cmp" "cmpForBody" "h" "tryInline" "cmpCall" "cmp" "h" "tryInline" "cmpCall" "cmp" "genCode" "cmpfun" "doTryCatch" "tryCatchOne" "tryCatchList" "tryCatch" "compiler:::tryCmpfun" ".rs.getHelpFromObject" ".rs.getHelpFunction" "<Anonymous>" 
"gsub" ".rs.fuzzyMatches" ".rs.selectFuzzyMatches" "FUN" "lapply" ".rs.getCompletionsHelp" "<Anonymous>" 
"gsub" ".rs.fuzzyMatches" ".rs.selectFuzzyMatches" "FUN" "lapply" ".rs.getCompletionsHelp" "<Anonymous>" 
"?" 
"gzfile" "readRDS" "hsearch_db" "help.search" "eval" "eval" "?" 
"gzfile" "readRDS" "merge_vignette_index" "hsearch_db" "help.search" "eval" "eval" "?" 
"gzfile" "readRDS" "hsearch_db" "help.search" "eval" "eval" "?" 
"gzfile" "readRDS" "merge_vignette_index" "hsearch_db" "help.search" "eval" "eval" "?" 
"gzfile" "readRDS" "merge_vignette_index" "hsearch_db" "help.search" "eval" "eval" "?" 
"gzfile" "readRDS" "hsearch_db" "help.search" "eval" "eval" "?" 
"gzfile" "readRDS" "hsearch_db" "help.search" "eval" "eval" "?" 
"readRDS" "hsearch_db" "help.search" "eval" "eval" "?" 
"gzfile" "readRDS" "hsearch_db" "help.search" "eval" "eval" "?" 
"gzfile" "readRDS" "merge_vignette_index" "hsearch_db" "help.search" "eval" "eval" "?" 
"gzfile" "readRDS" "hsearch_db" "help.search" "eval" "eval" "?" 
"gzfile" "readRDS" "hsearch_db" "help.search" "eval" "eval" "?" 
"gzfile" "readRDS" "merge_demo_index" "hsearch_db" "help.search" "eval" "eval" "?" 
"gzfile" "readRDS" "merge_demo_index" "hsearch_db" "help.search" "eval" "eval" "?" 
"gzfile" "readRDS" "hsearch_db" "help.search" "eval" "eval" "?" 
"gzfile" "readRDS" "hsearch_db" "help.search" "eval" "eval" "?" 
"gzfile" "readRDS" "hsearch_db" "help.search" "eval" "eval" "?" 
"gzfile" "readRDS" "hsearch_db" "help.search" "eval" "eval" "?" 
"readRDS" "hsearch_db" "help.search" "eval" "eval" "?" 
"iconv" "hsearch_db" "help.search" "eval" "eval" "?" 
"iconv" "hsearch_db" "help.search" "eval" "eval" "?" 
"make.names" ".rowNamesDF<-" "as.data.frame.matrix" "FUN" "lapply" "hsearch_db" "help.search" "eval" "eval" "?" 
"agrep" "search_fun" "search_db_field" "rbind" "help.search" "eval" "eval" "?" 
"tryInline" "cmpCall" "cmp" "h" "tryInline" "cmpCall" "cmp" "genCode" "cmpfun" "doTryCatch" "tryCatchOne" "tryCatchList" "tryCatch" "compiler:::tryCmpfun" "rbind" "rbind" "help.search" "eval" "eval" "?" 
"findFunDef" "h" "tryInline" "cmpCall" "cmp" "cmpSymbolAssign" "h" "tryInline" "cmpCall" "cmp" "h" "tryInline" "cmpCall" "cmp" "h" "tryInline" "cmpCall" "cmp" "h" "tryInline" "cmpCall" "cmp" "h" "tryInline" "cmpCall" "cmp" "h" "tryInline" "cmpCall" "cmp" "cmpForBody" "h" "tryInline" "cmpCall" "cmp" "h" "tryInline" "cmpCall" "cmp" "genCode" "cmpfun" "doTryCatch" "tryCatchOne" "tryCatchList" "tryCatch" "compiler:::tryCmpfun" "rbind" "rbind" "help.search" "eval" "eval" "?" 
"$" "findCenvVar" "findVar" "cmpSym" "cmp" "genCode" "cb$putconst" "cmpCallArgs" "cmpCallSymFun" "cmpCall" "cmp" "cmpSymbolAssign" "h" "tryInline" "cmpCall" "cmp" "cmpSymbolAssign" "h" "tryInline" "cmpCall" "cmp" "cmpSymbolAssign" "h" "tryInline" "cmpCall" "cmp" "h" "tryInline" "cmpCall" "cmp" "h" "tryInline" "cmpCall" "cmp" "h" "tryInline" "cmpCall" "cmp" "genCode" "cmpfun" "doTryCatch" "tryCatchOne" "tryCatchList" "tryCatch" "compiler:::tryCmpfun" "rbind" "rbind" "help.search" "eval" "eval" "?" 
"h" "tryGetterInline" "cmpGetterCall" "cmpComplexAssign" "h" "tryInline" "cmpCall" "cmp" "h" "tryInline" "cmpCall" "cmp" "h" "tryInline" "cmpCall" "cmp" "h" "tryInline" "cmpCall" "cmp" "cmpForBody" "h" "tryInline" "cmpCall" "cmp" "h" "tryInline" "cmpCall" "cmp" "cmpForBody" "h" "tryInline" "cmpCall" "cmp" "h" "tryInline" "cmpCall" "cmp" "genCode" "cmpfun" "doTryCatch" "tryCatchOne" "tryCatchList" "tryCatch" "compiler:::tryCmpfun" "rbind" "rbind" "help.search" "eval" "eval" "?" 
"dir.create" "doTryCatch" "tryCatchOne" "tryCatchList" "tryCatch" "try" "original" "f" "doTryCatch" "tryCatchOne" "tryCatchList" "tryCatch" "withCallingHandlers" ".rs.callAs" "install.packages" 
".External" "download.file" "doTryCatch" "tryCatchOne" "tryCatchList" "tryCatch" "available.packages" "withCallingHandlers" "suppressWarnings" "doTryCatch" "tryCatchOne" "tryCatchList" "tryCatch" "original" "f" "doTryCatch" "tryCatchOne" "tryCatchList" "tryCatch" "withCallingHandlers" ".rs.callAs" "install.packages" 
".External" "download.file" "doTryCatch" "tryCatchOne" "tryCatchList" "tryCatch" "available.packages" "withCallingHandlers" "suppressWarnings" "doTryCatch" "tryCatchOne" "tryCatchList" "tryCatch" "original" "f" "doTryCatch" "tryCatchOne" "tryCatchList" "tryCatch" "withCallingHandlers" ".rs.callAs" "install.packages" 
".External" "download.file" "doTryCatch" "tryCatchOne" "tryCatchList" "tryCatch" "available.packages" "withCallingHandlers" "suppressWarnings" "doTryCatch" "tryCatchOne" "tryCatchList" "tryCatch" "original" "f" "doTryCatch" "tryCatchOne" "tryCatchList" "tryCatch" "withCallingHandlers" ".rs.callAs" "install.packages" 
".External" "download.file" "doTryCatch" "tryCatchOne" "tryCatchList" "tryCatch" "available.packages" "withCallingHandlers" "suppressWarnings" "doTryCatch" "tryCatchOne" "tryCatchList" "tryCatch" "original" "f" "doTryCatch" "tryCatchOne" "tryCatchList" "tryCatch" "withCallingHandlers" ".rs.callAs" "install.packages" 
".External" "download.file" "doTryCatch" "tryCatchOne" "tryCatchList" "tryCatch" "available.packages" "withCallingHandlers" "suppressWarnings" "doTryCatch" "tryCatchOne" "tryCatchList" "tryCatch" "original" "f" "doTryCatch" "tryCatchOne" "tryCatchList" "tryCatch" "withCallingHandlers" ".rs.callAs" "install.packages" 
".External" "download.file" "doTryCatch" "tryCatchOne" "tryCatchList" "tryCatch" "available.packages" "withCallingHandlers" "suppressWarnings" "doTryCatch" "tryCatchOne" "tryCatchList" "tryCatch" "original" "f" "doTryCatch" "tryCatchOne" "tryCatchList" "tryCatch" "withCallingHandlers" ".rs.callAs" "install.packages" 
".External" "download.file" "doTryCatch" "tryCatchOne" "tryCatchList" "tryCatch" "available.packages" "withCallingHandlers" "suppressWarnings" "doTryCatch" "tryCatchOne" "tryCatchList" "tryCatch" "original" "f" "doTryCatch" "tryCatchOne" "tryCatchList" "tryCatch" "withCallingHandlers" ".rs.callAs" "install.packages" 
".External" "download.file" "doTryCatch" "tryCatchOne" "tryCatchList" "tryCatch" "available.packages" "withCallingHandlers" "suppressWarnings" "doTryCatch" "tryCatchOne" "tryCatchList" "tryCatch" "original" "f" "doTryCatch" "tryCatchOne" "tryCatchList" "tryCatch" "withCallingHandlers" ".rs.callAs" "install.packages" 
".External" "download.file" "doTryCatch" "tryCatchOne" "tryCatchList" "tryCatch" "available.packages" "withCallingHandlers" "suppressWarnings" "doTryCatch" "tryCatchOne" "tryCatchList" "tryCatch" "original" "f" "doTryCatch" "tryCatchOne" "tryCatchList" "tryCatch" "withCallingHandlers" ".rs.callAs" "install.packages" 
".External" "download.file" "doTryCatch" "tryCatchOne" "tryCatchList" "tryCatch" "available.packages" "withCallingHandlers" "suppressWarnings" "doTryCatch" "tryCatchOne" "tryCatchList" "tryCatch" "original" "f" "doTryCatch" "tryCatchOne" "tryCatchList" "tryCatch" "withCallingHandlers" ".rs.callAs" "install.packages" 
".External" "download.file" "doTryCatch" "tryCatchOne" "tryCatchList" "tryCatch" "available.packages" "withCallingHandlers" "suppressWarnings" "doTryCatch" "tryCatchOne" "tryCatchList" "tryCatch" "original" "f" "doTryCatch" "tryCatchOne" "tryCatchList" "tryCatch" "withCallingHandlers" ".rs.callAs" "install.packages" 
".External" "download.file" "doTryCatch" "tryCatchOne" "tryCatchList" "tryCatch" "available.packages" "withCallingHandlers" "suppressWarnings" "doTryCatch" "tryCatchOne" "tryCatchList" "tryCatch" "original" "f" "doTryCatch" "tryCatchOne" "tryCatchList" "tryCatch" "withCallingHandlers" ".rs.callAs" "install.packages" 
".External" "download.file" "doTryCatch" "tryCatchOne" "tryCatchList" "tryCatch" "available.packages" "withCallingHandlers" "suppressWarnings" "doTryCatch" "tryCatchOne" "tryCatchList" "tryCatch" "original" "f" "doTryCatch" "tryCatchOne" "tryCatchList" "tryCatch" "withCallingHandlers" ".rs.callAs" "install.packages" 
".External" "download.file" "doTryCatch" "tryCatchOne" "tryCatchList" "tryCatch" "available.packages" "withCallingHandlers" "suppressWarnings" "doTryCatch" "tryCatchOne" "tryCatchList" "tryCatch" "original" "f" "doTryCatch" "tryCatchOne" "tryCatchList" "tryCatch" "withCallingHandlers" ".rs.callAs" "install.packages" 
".External" "download.file" "doTryCatch" "tryCatchOne" "tryCatchList" "tryCatch" "available.packages" "withCallingHandlers" "suppressWarnings" "doTryCatch" "tryCatchOne" "tryCatchList" "tryCatch" "original" "f" "doTryCatch" "tryCatchOne" "tryCatchList" "tryCatch" "withCallingHandlers" ".rs.callAs" "install.packages" 
".External" "download.file" "doTryCatch" "tryCatchOne" "tryCatchList" "tryCatch" "available.packages" "withCallingHandlers" "suppressWarnings" "doTryCatch" "tryCatchOne" "tryCatchList" "tryCatch" "original" "f" "doTryCatch" "tryCatchOne" "tryCatchList" "tryCatch" "withCallingHandlers" ".rs.callAs" "install.packages" 
".External" "download.file" "doTryCatch" "tryCatchOne" "tryCatchList" "tryCatch" "available.packages" "withCallingHandlers" "suppressWarnings" "doTryCatch" "tryCatchOne" "tryCatchList" "tryCatch" "original" "f" "doTryCatch" "tryCatchOne" "tryCatchList" "tryCatch" "withCallingHandlers" ".rs.callAs" "install.packages" 
".External" "download.file" "doTryCatch" "tryCatchOne" "tryCatchList" "tryCatch" "available.packages" "withCallingHandlers" "suppressWarnings" "doTryCatch" "tryCatchOne" "tryCatchList" "tryCatch" "original" "f" "doTryCatch" "tryCatchOne" "tryCatchList" "tryCatch" "withCallingHandlers" ".rs.callAs" "install.packages" 
".External" "download.file" "doTryCatch" "tryCatchOne" "tryCatchList" "tryCatch" "available.packages" "withCallingHandlers" "suppressWarnings" "doTryCatch" "tryCatchOne" "tryCatchList" "tryCatch" "original" "f" "doTryCatch" "tryCatchOne" "tryCatchList" "tryCatch" "withCallingHandlers" ".rs.callAs" "install.packages" 
".External" "download.file" "doTryCatch" "tryCatchOne" "tryCatchList" "tryCatch" "available.packages" "withCallingHandlers" "suppressWarnings" "doTryCatch" "tryCatchOne" "tryCatchList" "tryCatch" "original" "f" "doTryCatch" "tryCatchOne" "tryCatchList" "tryCatch" "withCallingHandlers" ".rs.callAs" "install.packages" 
".External" "download.file" "doTryCatch" "tryCatchOne" "tryCatchList" "tryCatch" "available.packages" "withCallingHandlers" "suppressWarnings" "doTryCatch" "tryCatchOne" "tryCatchList" "tryCatch" "original" "f" "doTryCatch" "tryCatchOne" "tryCatchList" "tryCatch" "withCallingHandlers" ".rs.callAs" "install.packages" 
".External" "download.file" "doTryCatch" "tryCatchOne" "tryCatchList" "tryCatch" "available.packages" "withCallingHandlers" "suppressWarnings" "doTryCatch" "tryCatchOne" "tryCatchList" "tryCatch" "original" "f" "doTryCatch" "tryCatchOne" "tryCatchList" "tryCatch" "withCallingHandlers" ".rs.callAs" "install.packages" 
".External" "download.file" "doTryCatch" "tryCatchOne" "tryCatchList" "tryCatch" "available.packages" "withCallingHandlers" "suppressWarnings" "doTryCatch" "tryCatchOne" "tryCatchList" "tryCatch" "original" "f" "doTryCatch" "tryCatchOne" "tryCatchList" "tryCatch" "withCallingHandlers" ".rs.callAs" "install.packages" 
"readRDS" "doTryCatch" "tryCatchOne" "tryCatchList" "tryCatch" "available.packages" "withCallingHandlers" "suppressWarnings" "doTryCatch" "tryCatchOne" "tryCatchList" "tryCatch" "original" "f" "doTryCatch" "tryCatchOne" "tryCatchList" "tryCatch" "withCallingHandlers" ".rs.callAs" "install.packages" 
"readRDS" "doTryCatch" "tryCatchOne" "tryCatchList" "tryCatch" "available.packages" "withCallingHandlers" "suppressWarnings" "doTryCatch" "tryCatchOne" "tryCatchList" "tryCatch" "original" "f" "doTryCatch" "tryCatchOne" "tryCatchList" "tryCatch" "withCallingHandlers" ".rs.callAs" "install.packages" 
"readRDS" "doTryCatch" "tryCatchOne" "tryCatchList" "tryCatch" "available.packages" "withCallingHandlers" "suppressWarnings" "doTryCatch" "tryCatchOne" "tryCatchList" "tryCatch" "original" "f" "doTryCatch" "tryCatchOne" "tryCatchList" "tryCatch" "withCallingHandlers" ".rs.callAs" "install.packages" 
"readRDS" "doTryCatch" "tryCatchOne" "tryCatchList" "tryCatch" "available.packages" "withCallingHandlers" "suppressWarnings" "doTryCatch" "tryCatchOne" "tryCatchList" "tryCatch" "original" "f" "doTryCatch" "tryCatchOne" "tryCatchList" "tryCatch" "withCallingHandlers" ".rs.callAs" "install.packages" 
"readRDS" "doTryCatch" "tryCatchOne" "tryCatchList" "tryCatch" "available.packages" "withCallingHandlers" "suppressWarnings" "doTryCatch" "tryCatchOne" "tryCatchList" "tryCatch" "original" "f" "doTryCatch" "tryCatchOne" "tryCatchList" "tryCatch" "withCallingHandlers" ".rs.callAs" "install.packages" 
"readRDS" "doTryCatch" "tryCatchOne" "tryCatchList" "tryCatch" "available.packages" "withCallingHandlers" "suppressWarnings" "doTryCatch" "tryCatchOne" "tryCatchList" "tryCatch" "original" "f" "doTryCatch" "tryCatchOne" "tryCatchList" "tryCatch" "withCallingHandlers" ".rs.callAs" "install.packages" 
"matrix" "available.packages" "withCallingHandlers" "suppressWarnings" "doTryCatch" "tryCatchOne" "tryCatchList" "tryCatch" "original" "f" "doTryCatch" "tryCatchOne" "tryCatchList" "tryCatch" "withCallingHandlers" ".rs.callAs" "install.packages" 
"strsplit" "lapply" "f" "available.packages" "withCallingHandlers" "suppressWarnings" "doTryCatch" "tryCatchOne" "tryCatchList" "tryCatch" "original" "f" "doTryCatch" "tryCatchOne" "tryCatchList" "tryCatch" "withCallingHandlers" ".rs.callAs" "install.packages" 
"lapply" "f" "available.packages" "withCallingHandlers" "suppressWarnings" "doTryCatch" "tryCatchOne" "tryCatchList" "tryCatch" "original" "f" "doTryCatch" "tryCatchOne" "tryCatchList" "tryCatch" "withCallingHandlers" ".rs.callAs" "install.packages" 
"grepl" "FUN" "lapply" "f" "available.packages" "withCallingHandlers" "suppressWarnings" "doTryCatch" "tryCatchOne" "tryCatchList" "tryCatch" "original" "f" "doTryCatch" "tryCatchOne" "tryCatchList" "tryCatch" "withCallingHandlers" ".rs.callAs" "install.packages" 
"FUN" "lapply" "f" "available.packages" "withCallingHandlers" "suppressWarnings" "doTryCatch" "tryCatchOne" "tryCatchList" "tryCatch" "original" "f" "doTryCatch" "tryCatchOne" "tryCatchList" "tryCatch" "withCallingHandlers" ".rs.callAs" "install.packages" 
"grepl" "FUN" "lapply" "f" "available.packages" "withCallingHandlers" "suppressWarnings" "doTryCatch" "tryCatchOne" "tryCatchList" "tryCatch" "original" "f" "doTryCatch" "tryCatchOne" "tryCatchList" "tryCatch" "withCallingHandlers" ".rs.callAs" "install.packages" 
"FUN" "lapply" "f" "available.packages" "withCallingHandlers" "suppressWarnings" "doTryCatch" "tryCatchOne" "tryCatchList" "tryCatch" "original" "f" "doTryCatch" "tryCatchOne" "tryCatchList" "tryCatch" "withCallingHandlers" ".rs.callAs" "install.packages" 
"sub" "split" "f" "available.packages" "withCallingHandlers" "suppressWarnings" "doTryCatch" "tryCatchOne" "tryCatchList" "tryCatch" "original" "f" "doTryCatch" "tryCatchOne" "tryCatchList" "tryCatch" "withCallingHandlers" ".rs.callAs" "install.packages" 
"sprintf" "FUN" "lapply" ".encode_numeric_version" "split" "Ops.numeric_version" ">=" "do.call" "f" "available.packages" "withCallingHandlers" "suppressWarnings" "doTryCatch" "tryCatchOne" "tryCatchList" "tryCatch" "original" "f" "doTryCatch" "tryCatchOne" "tryCatchList" "tryCatch" "withCallingHandlers" ".rs.callAs" "install.packages" 
"unlist" ".encode_numeric_version" "split" "Ops.numeric_version" ">=" "do.call" "f" "available.packages" "withCallingHandlers" "suppressWarnings" "doTryCatch" "tryCatchOne" "tryCatchList" "tryCatch" "original" "f" "doTryCatch" "tryCatchOne" "tryCatchList" "tryCatch" "withCallingHandlers" ".rs.callAs" "install.packages" 
"paste0" "strlpad" "paste" "FUN" "vapply" ".encode_numeric_version" "split" "Ops.numeric_version" ">=" "do.call" "f" "available.packages" "withCallingHandlers" "suppressWarnings" "doTryCatch" "tryCatchOne" "tryCatchList" "tryCatch" "original" "f" "doTryCatch" "tryCatchOne" "tryCatchList" "tryCatch" "withCallingHandlers" ".rs.callAs" "install.packages" 
"strrep" "paste0" "strlpad" "paste" "FUN" "vapply" ".encode_numeric_version" "split" "Ops.numeric_version" ">=" "do.call" "f" "available.packages" "withCallingHandlers" "suppressWarnings" "doTryCatch" "tryCatchOne" "tryCatchList" "tryCatch" "original" "f" "doTryCatch" "tryCatchOne" "tryCatchList" "tryCatch" "withCallingHandlers" ".rs.callAs" "install.packages" 
"paste0" "strlpad" "paste" "FUN" "vapply" ".encode_numeric_version" "split" "Ops.numeric_version" ">=" "do.call" "f" "available.packages" "withCallingHandlers" "suppressWarnings" "doTryCatch" "tryCatchOne" "tryCatchList" "tryCatch" "original" "f" "doTryCatch" "tryCatchOne" "tryCatchList" "tryCatch" "withCallingHandlers" ".rs.callAs" "install.packages" 
"paste0" "strlpad" "paste" "FUN" "vapply" ".encode_numeric_version" "split" "Ops.numeric_version" ">=" "do.call" "f" "available.packages" "withCallingHandlers" "suppressWarnings" "doTryCatch" "tryCatchOne" "tryCatchList" "tryCatch" "original" "f" "doTryCatch" "tryCatchOne" "tryCatchList" "tryCatch" "withCallingHandlers" ".rs.callAs" "install.packages" 
"as.factor" "split.default" "split" "lapply" "sapply" "f" "available.packages" "withCallingHandlers" "suppressWarnings" "doTryCatch" "tryCatchOne" "tryCatchList" "tryCatch" "original" "f" "doTryCatch" "tryCatchOne" "tryCatchList" "tryCatch" "withCallingHandlers" ".rs.callAs" "install.packages" 
".External" "download.file" "doTryCatch" "tryCatchOne" "tryCatchList" "tryCatch" "available.packages" "original" "f" "doTryCatch" "tryCatchOne" "tryCatchList" "tryCatch" "withCallingHandlers" ".rs.callAs" "install.packages" 
".External" "download.file" "doTryCatch" "tryCatchOne" "tryCatchList" "tryCatch" "available.packages" "original" "f" "doTryCatch" "tryCatchOne" "tryCatchList" "tryCatch" "withCallingHandlers" ".rs.callAs" "install.packages" 
".External" "download.file" "doTryCatch" "tryCatchOne" "tryCatchList" "tryCatch" "available.packages" "original" "f" "doTryCatch" "tryCatchOne" "tryCatchList" "tryCatch" "withCallingHandlers" ".rs.callAs" "install.packages" 
"readRDS" "doTryCatch" "tryCatchOne" "tryCatchList" "tryCatch" "available.packages" "original" "f" "doTryCatch" "tryCatchOne" "tryCatchList" "tryCatch" "withCallingHandlers" ".rs.callAs" "install.packages" 
"readRDS" "doTryCatch" "tryCatchOne" "tryCatchList" "tryCatch" "available.packages" "original" "f" "doTryCatch" "tryCatchOne" "tryCatchList" "tryCatch" "withCallingHandlers" ".rs.callAs" "install.packages" 
"readRDS" "doTryCatch" "tryCatchOne" "tryCatchList" "tryCatch" "available.packages" "original" "f" "doTryCatch" "tryCatchOne" "tryCatchList" "tryCatch" "withCallingHandlers" ".rs.callAs" "install.packages" 
"readRDS" "doTryCatch" "tryCatchOne" "tryCatchList" "tryCatch" "available.packages" "original" "f" "doTryCatch" "tryCatchOne" "tryCatchList" "tryCatch" "withCallingHandlers" ".rs.callAs" "install.packages" 
"strsplit" "lapply" "f" "available.packages" "original" "f" "doTryCatch" "tryCatchOne" "tryCatchList" "tryCatch" "withCallingHandlers" ".rs.callAs" "install.packages" 
"FUN" "lapply" "f" "available.packages" "original" "f" "doTryCatch" "tryCatchOne" "tryCatchList" "tryCatch" "withCallingHandlers" ".rs.callAs" "install.packages" 
"grepl" "FUN" "lapply" "f" "available.packages" "original" "f" "doTryCatch" "tryCatchOne" "tryCatchList" "tryCatch" "withCallingHandlers" ".rs.callAs" "install.packages" 
"grepl" "FUN" "lapply" "f" "available.packages" "original" "f" "doTryCatch" "tryCatchOne" "tryCatchList" "tryCatch" "withCallingHandlers" ".rs.callAs" "install.packages" 
"grepl" "FUN" "lapply" "f" "available.packages" "original" "f" "doTryCatch" "tryCatchOne" "tryCatchList" "tryCatch" "withCallingHandlers" ".rs.callAs" "install.packages" 
"grepl" "FUN" "lapply" "f" "available.packages" "original" "f" "doTryCatch" "tryCatchOne" "tryCatchList" "tryCatch" "withCallingHandlers" ".rs.callAs" "install.packages" 
"sub" "f" "available.packages" "original" "f" "doTryCatch" "tryCatchOne" "tryCatchList" "tryCatch" "withCallingHandlers" ".rs.callAs" "install.packages" 
"FUN" "lapply" ".make_numeric_version" "numeric_version" "as.numeric_version" "Ops.numeric_version" ">=" "do.call" "f" "available.packages" "original" "f" "doTryCatch" "tryCatchOne" "tryCatchList" "tryCatch" "withCallingHandlers" ".rs.callAs" "install.packages" 
"lapply" ".encode_numeric_version" "split" "Ops.numeric_version" ">=" "do.call" "f" "available.packages" "original" "f" "doTryCatch" "tryCatchOne" "tryCatchList" "tryCatch" "withCallingHandlers" ".rs.callAs" "install.packages" 
".encode_numeric_version" "split" "Ops.numeric_version" ">=" "do.call" "f" "available.packages" "original" "f" "doTryCatch" "tryCatchOne" "tryCatchList" "tryCatch" "withCallingHandlers" ".rs.callAs" "install.packages" 
"paste" "FUN" "vapply" ".encode_numeric_version" "split" "Ops.numeric_version" ">=" "do.call" "f" "available.packages" "original" "f" "doTryCatch" "tryCatchOne" "tryCatchList" "tryCatch" "withCallingHandlers" ".rs.callAs" "install.packages" 
"strrep" "paste0" "strlpad" "paste" "FUN" "vapply" ".encode_numeric_version" "split" "Ops.numeric_version" ">=" "do.call" "f" "available.packages" "original" "f" "doTryCatch" "tryCatchOne" "tryCatchList" "tryCatch" "withCallingHandlers" ".rs.callAs" "install.packages" 
"strrep" "paste0" "strlpad" "paste" "FUN" "vapply" ".encode_numeric_version" "split" "Ops.numeric_version" ">=" "do.call" "f" "available.packages" "original" "f" "doTryCatch" "tryCatchOne" "tryCatchList" "tryCatch" "withCallingHandlers" ".rs.callAs" "install.packages" 
"as.factor" "split.default" "split" "lapply" "sapply" "f" "available.packages" "original" "f" "doTryCatch" "tryCatchOne" "tryCatchList" "tryCatch" "withCallingHandlers" ".rs.callAs" "install.packages" 
"strsplit" "FUN" "lapply" "unlist" "f" "available.packages" "original" "f" "doTryCatch" "tryCatchOne" "tryCatchList" "tryCatch" "withCallingHandlers" ".rs.callAs" "install.packages" 
"lapply" "unlist" "f" "available.packages" "original" "f" "doTryCatch" "tryCatchOne" "tryCatchList" "tryCatch" "withCallingHandlers" ".rs.callAs" "install.packages" 
"strsplit" "FUN" "lapply" "unlist" "f" "available.packages" "original" "f" "doTryCatch" "tryCatchOne" "tryCatchList" "tryCatch" "withCallingHandlers" ".rs.callAs" "install.packages" 
"gzfile" "readRDS" "doTryCatch" "tryCatchOne" "tryCatchList" "tryCatch" "try" ".readPkgDesc" "installed.packages" "getDependencies" ".install.winbinary" "original" "f" "doTryCatch" "tryCatchOne" "tryCatchList" "tryCatch" "withCallingHandlers" ".rs.callAs" "install.packages" 
"close.connection" "close" "saveRDS" "installed.packages" "getDependencies" ".install.winbinary" "original" "f" "doTryCatch" "tryCatchOne" "tryCatchList" "tryCatch" "withCallingHandlers" ".rs.callAs" "install.packages" 
"close.connection" "close" "saveRDS" "installed.packages" "getDependencies" ".install.winbinary" "original" "f" "doTryCatch" "tryCatchOne" "tryCatchList" "tryCatch" "withCallingHandlers" ".rs.callAs" "install.packages" 
".External" "download.file" "doTryCatch" "tryCatchOne" "tryCatchList" "tryCatch" "try" "download.packages" ".install.winbinary" "original" "f" "doTryCatch" "tryCatchOne" "tryCatchList" "tryCatch" "withCallingHandlers" ".rs.callAs" "install.packages" 
".External" "download.file" "doTryCatch" "tryCatchOne" "tryCatchList" "tryCatch" "try" "download.packages" ".install.winbinary" "original" "f" "doTryCatch" "tryCatchOne" "tryCatchList" "tryCatch" "withCallingHandlers" ".rs.callAs" "install.packages" 
".External" "download.file" "doTryCatch" "tryCatchOne" "tryCatchList" "tryCatch" "try" "download.packages" ".install.winbinary" "original" "f" "doTryCatch" "tryCatchOne" "tryCatchList" "tryCatch" "withCallingHandlers" ".rs.callAs" "install.packages" 
".External" "download.file" "doTryCatch" "tryCatchOne" "tryCatchList" "tryCatch" "try" "download.packages" ".install.winbinary" "original" "f" "doTryCatch" "tryCatchOne" "tryCatchList" "tryCatch" "withCallingHandlers" ".rs.callAs" "install.packages" 
".External" "download.file" "doTryCatch" "tryCatchOne" "tryCatchList" "tryCatch" "try" "download.packages" ".install.winbinary" "original" "f" "doTryCatch" "tryCatchOne" "tryCatchList" "tryCatch" "withCallingHandlers" ".rs.callAs" "install.packages" 
".External" "download.file" "doTryCatch" "tryCatchOne" "tryCatchList" "tryCatch" "try" "download.packages" ".install.winbinary" "original" "f" "doTryCatch" "tryCatchOne" "tryCatchList" "tryCatch" "withCallingHandlers" ".rs.callAs" "install.packages" 
".External" "download.file" "doTryCatch" "tryCatchOne" "tryCatchList" "tryCatch" "try" "download.packages" ".install.winbinary" "original" "f" "doTryCatch" "tryCatchOne" "tryCatchList" "tryCatch" "withCallingHandlers" ".rs.callAs" "install.packages" 
".External" "download.file" "doTryCatch" "tryCatchOne" "tryCatchList" "tryCatch" "try" "download.packages" ".install.winbinary" "original" "f" "doTryCatch" "tryCatchOne" "tryCatchList" "tryCatch" "withCallingHandlers" ".rs.callAs" "install.packages" 
".External" "download.file" "doTryCatch" "tryCatchOne" "tryCatchList" "tryCatch" "try" "download.packages" ".install.winbinary" "original" "f" "doTryCatch" "tryCatchOne" "tryCatchList" "tryCatch" "withCallingHandlers" ".rs.callAs" "install.packages" 
".External" "download.file" "doTryCatch" "tryCatchOne" "tryCatchList" "tryCatch" "try" "download.packages" ".install.winbinary" "original" "f" "doTryCatch" "tryCatchOne" "tryCatchList" "tryCatch" "withCallingHandlers" ".rs.callAs" "install.packages" 
".External" "download.file" "doTryCatch" "tryCatchOne" "tryCatchList" "tryCatch" "try" "download.packages" ".install.winbinary" "original" "f" "doTryCatch" "tryCatchOne" "tryCatchList" "tryCatch" "withCallingHandlers" ".rs.callAs" "install.packages" 
".External" "download.file" "doTryCatch" "tryCatchOne" "tryCatchList" "tryCatch" "try" "download.packages" ".install.winbinary" "original" "f" "doTryCatch" "tryCatchOne" "tryCatchList" "tryCatch" "withCallingHandlers" ".rs.callAs" "install.packages" 
".External" "download.file" "doTryCatch" "tryCatchOne" "tryCatchList" "tryCatch" "try" "download.packages" ".install.winbinary" "original" "f" "doTryCatch" "tryCatchOne" "tryCatchList" "tryCatch" "withCallingHandlers" ".rs.callAs" "install.packages" 
".External" "download.file" "doTryCatch" "tryCatchOne" "tryCatchList" "tryCatch" "try" "download.packages" ".install.winbinary" "original" "f" "doTryCatch" "tryCatchOne" "tryCatchList" "tryCatch" "withCallingHandlers" ".rs.callAs" "install.packages" 
".External" "download.file" "doTryCatch" "tryCatchOne" "tryCatchList" "tryCatch" "try" "download.packages" ".install.winbinary" "original" "f" "doTryCatch" "tryCatchOne" "tryCatchList" "tryCatch" "withCallingHandlers" ".rs.callAs" "install.packages" 
".External" "download.file" "doTryCatch" "tryCatchOne" "tryCatchList" "tryCatch" "try" "download.packages" ".install.winbinary" "original" "f" "doTryCatch" "tryCatchOne" "tryCatchList" "tryCatch" "withCallingHandlers" ".rs.callAs" "install.packages" 
".External" "download.file" "doTryCatch" "tryCatchOne" "tryCatchList" "tryCatch" "try" "download.packages" ".install.winbinary" "original" "f" "doTryCatch" "tryCatchOne" "tryCatchList" "tryCatch" "withCallingHandlers" ".rs.callAs" "install.packages" 
".External" "download.file" "doTryCatch" "tryCatchOne" "tryCatchList" "tryCatch" "try" "download.packages" ".install.winbinary" "original" "f" "doTryCatch" "tryCatchOne" "tryCatchList" "tryCatch" "withCallingHandlers" ".rs.callAs" "install.packages" 
".External" "download.file" "doTryCatch" "tryCatchOne" "tryCatchList" "tryCatch" "try" "download.packages" ".install.winbinary" "original" "f" "doTryCatch" "tryCatchOne" "tryCatchList" "tryCatch" "withCallingHandlers" ".rs.callAs" "install.packages" 
".External" "download.file" "doTryCatch" "tryCatchOne" "tryCatchList" "tryCatch" "try" "download.packages" ".install.winbinary" "original" "f" "doTryCatch" "tryCatchOne" "tryCatchList" "tryCatch" "withCallingHandlers" ".rs.callAs" "install.packages" 
".External" "download.file" "doTryCatch" "tryCatchOne" "tryCatchList" "tryCatch" "try" "download.packages" ".install.winbinary" "original" "f" "doTryCatch" "tryCatchOne" "tryCatchList" "tryCatch" "withCallingHandlers" ".rs.callAs" "install.packages" 
".External" "download.file" "doTryCatch" "tryCatchOne" "tryCatchList" "tryCatch" "try" "download.packages" ".install.winbinary" "original" "f" "doTryCatch" "tryCatchOne" "tryCatchList" "tryCatch" "withCallingHandlers" ".rs.callAs" "install.packages" 
".External" "download.file" "doTryCatch" "tryCatchOne" "tryCatchList" "tryCatch" "try" "download.packages" ".install.winbinary" "original" "f" "doTryCatch" "tryCatchOne" "tryCatchList" "tryCatch" "withCallingHandlers" ".rs.callAs" "install.packages" 
".External" "download.file" "doTryCatch" "tryCatchOne" "tryCatchList" "tryCatch" "try" "download.packages" ".install.winbinary" "original" "f" "doTryCatch" "tryCatchOne" "tryCatchList" "tryCatch" "withCallingHandlers" ".rs.callAs" "install.packages" 
".External" "download.file" "doTryCatch" "tryCatchOne" "tryCatchList" "tryCatch" "try" "download.packages" ".install.winbinary" "original" "f" "doTryCatch" "tryCatchOne" "tryCatchList" "tryCatch" "withCallingHandlers" ".rs.callAs" "install.packages" 
".External" "download.file" "doTryCatch" "tryCatchOne" "tryCatchList" "tryCatch" "try" "download.packages" ".install.winbinary" "original" "f" "doTryCatch" "tryCatchOne" "tryCatchList" "tryCatch" "withCallingHandlers" ".rs.callAs" "install.packages" 
".External" "download.file" "doTryCatch" "tryCatchOne" "tryCatchList" "tryCatch" "try" "download.packages" ".install.winbinary" "original" "f" "doTryCatch" "tryCatchOne" "tryCatchList" "tryCatch" "withCallingHandlers" ".rs.callAs" "install.packages" 
".External" "download.file" "doTryCatch" "tryCatchOne" "tryCatchList" "tryCatch" "try" "download.packages" ".install.winbinary" "original" "f" "doTryCatch" "tryCatchOne" "tryCatchList" "tryCatch" "withCallingHandlers" ".rs.callAs" "install.packages" 
".External" "download.file" "doTryCatch" "tryCatchOne" "tryCatchList" "tryCatch" "try" "download.packages" ".install.winbinary" "original" "f" "doTryCatch" "tryCatchOne" "tryCatchList" "tryCatch" "withCallingHandlers" ".rs.callAs" "install.packages" 
".External" "download.file" "doTryCatch" "tryCatchOne" "tryCatchList" "tryCatch" "try" "download.packages" ".install.winbinary" "original" "f" "doTryCatch" "tryCatchOne" "tryCatchList" "tryCatch" "withCallingHandlers" ".rs.callAs" "install.packages" 
".External" "download.file" "doTryCatch" "tryCatchOne" "tryCatchList" "tryCatch" "try" "download.packages" ".install.winbinary" "original" "f" "doTryCatch" "tryCatchOne" "tryCatchList" "tryCatch" "withCallingHandlers" ".rs.callAs" "install.packages" 
".External" "download.file" "doTryCatch" "tryCatchOne" "tryCatchList" "tryCatch" "try" "download.packages" ".install.winbinary" "original" "f" "doTryCatch" "tryCatchOne" "tryCatchList" "tryCatch" "withCallingHandlers" ".rs.callAs" "install.packages" 
".External" "download.file" "doTryCatch" "tryCatchOne" "tryCatchList" "tryCatch" "try" "download.packages" ".install.winbinary" "original" "f" "doTryCatch" "tryCatchOne" "tryCatchList" "tryCatch" "withCallingHandlers" ".rs.callAs" "install.packages" 
".External" "download.file" "doTryCatch" "tryCatchOne" "tryCatchList" "tryCatch" "try" "download.packages" ".install.winbinary" "original" "f" "doTryCatch" "tryCatchOne" "tryCatchList" "tryCatch" "withCallingHandlers" ".rs.callAs" "install.packages" 
".External" "download.file" "doTryCatch" "tryCatchOne" "tryCatchList" "tryCatch" "try" "download.packages" ".install.winbinary" "original" "f" "doTryCatch" "tryCatchOne" "tryCatchList" "tryCatch" "withCallingHandlers" ".rs.callAs" "install.packages" 
".External" "download.file" "doTryCatch" "tryCatchOne" "tryCatchList" "tryCatch" "try" "download.packages" ".install.winbinary" "original" "f" "doTryCatch" "tryCatchOne" "tryCatchList" "tryCatch" "withCallingHandlers" ".rs.callAs" "install.packages" 
".External" "download.file" "doTryCatch" "tryCatchOne" "tryCatchList" "tryCatch" "try" "download.packages" ".install.winbinary" "original" "f" "doTryCatch" "tryCatchOne" "tryCatchList" "tryCatch" "withCallingHandlers" ".rs.callAs" "install.packages" 
".External" "download.file" "doTryCatch" "tryCatchOne" "tryCatchList" "tryCatch" "try" "download.packages" ".install.winbinary" "original" "f" "doTryCatch" "tryCatchOne" "tryCatchList" "tryCatch" "withCallingHandlers" ".rs.callAs" "install.packages" 
".External" "download.file" "doTryCatch" "tryCatchOne" "tryCatchList" "tryCatch" "try" "download.packages" ".install.winbinary" "original" "f" "doTryCatch" "tryCatchOne" "tryCatchList" "tryCatch" "withCallingHandlers" ".rs.callAs" "install.packages" 
".External" "download.file" "doTryCatch" "tryCatchOne" "tryCatchList" "tryCatch" "try" "download.packages" ".install.winbinary" "original" "f" "doTryCatch" "tryCatchOne" "tryCatchList" "tryCatch" "withCallingHandlers" ".rs.callAs" "install.packages" 
".External" "download.file" "doTryCatch" "tryCatchOne" "tryCatchList" "tryCatch" "try" "download.packages" ".install.winbinary" "original" "f" "doTryCatch" "tryCatchOne" "tryCatchList" "tryCatch" "withCallingHandlers" ".rs.callAs" "install.packages" 
".External" "download.file" "doTryCatch" "tryCatchOne" "tryCatchList" "tryCatch" "try" "download.packages" ".install.winbinary" "original" "f" "doTryCatch" "tryCatchOne" "tryCatchList" "tryCatch" "withCallingHandlers" ".rs.callAs" "install.packages" 
".External" "download.file" "doTryCatch" "tryCatchOne" "tryCatchList" "tryCatch" "try" "download.packages" ".install.winbinary" "original" "f" "doTryCatch" "tryCatchOne" "tryCatchList" "tryCatch" "withCallingHandlers" ".rs.callAs" "install.packages" 
".External" "download.file" "doTryCatch" "tryCatchOne" "tryCatchList" "tryCatch" "try" "download.packages" ".install.winbinary" "original" "f" "doTryCatch" "tryCatchOne" "tryCatchList" "tryCatch" "withCallingHandlers" ".rs.callAs" "install.packages" 
".External" "download.file" "doTryCatch" "tryCatchOne" "tryCatchList" "tryCatch" "try" "download.packages" ".install.winbinary" "original" "f" "doTryCatch" "tryCatchOne" "tryCatchList" "tryCatch" "withCallingHandlers" ".rs.callAs" "install.packages" 
".External" "download.file" "doTryCatch" "tryCatchOne" "tryCatchList" "tryCatch" "try" "download.packages" ".install.winbinary" "original" "f" "doTryCatch" "tryCatchOne" "tryCatchList" "tryCatch" "withCallingHandlers" ".rs.callAs" "install.packages" 
".External" "download.file" "doTryCatch" "tryCatchOne" "tryCatchList" "tryCatch" "try" "download.packages" ".install.winbinary" "original" "f" "doTryCatch" "tryCatchOne" "tryCatchList" "tryCatch" "withCallingHandlers" ".rs.callAs" "install.packages" 
".External" "download.file" "doTryCatch" "tryCatchOne" "tryCatchList" "tryCatch" "try" "download.packages" ".install.winbinary" "original" "f" "doTryCatch" "tryCatchOne" "tryCatchList" "tryCatch" "withCallingHandlers" ".rs.callAs" "install.packages" 
".External" "unzip" ".zip.unpack" "unpackPkgZip" ".install.winbinary" "original" "f" "doTryCatch" "tryCatchOne" "tryCatchList" "tryCatch" "withCallingHandlers" ".rs.callAs" "install.packages" 
".External" "unzip" ".zip.unpack" "unpackPkgZip" ".install.winbinary" "original" "f" "doTryCatch" "tryCatchOne" "tryCatchList" "tryCatch" "withCallingHandlers" ".rs.callAs" "install.packages" 
".External" "unzip" ".zip.unpack" "unpackPkgZip" ".install.winbinary" "original" "f" "doTryCatch" "tryCatchOne" "tryCatchList" "tryCatch" "withCallingHandlers" ".rs.callAs" "install.packages" 
".External" "unzip" ".zip.unpack" "unpackPkgZip" ".install.winbinary" "original" "f" "doTryCatch" "tryCatchOne" "tryCatchList" "tryCatch" "withCallingHandlers" ".rs.callAs" "install.packages" 
".External" "unzip" ".zip.unpack" "unpackPkgZip" ".install.winbinary" "original" "f" "doTryCatch" "tryCatchOne" "tryCatchList" "tryCatch" "withCallingHandlers" ".rs.callAs" "install.packages" 
".External" "unzip" ".zip.unpack" "unpackPkgZip" ".install.winbinary" "original" "f" "doTryCatch" "tryCatchOne" "tryCatchList" "tryCatch" "withCallingHandlers" ".rs.callAs" "install.packages" 
".External" "unzip" ".zip.unpack" "unpackPkgZip" ".install.winbinary" "original" "f" "doTryCatch" "tryCatchOne" "tryCatchList" "tryCatch" "withCallingHandlers" ".rs.callAs" "install.packages" 
".External" "unzip" ".zip.unpack" "unpackPkgZip" ".install.winbinary" "original" "f" "doTryCatch" "tryCatchOne" "tryCatchList" "tryCatch" "withCallingHandlers" ".rs.callAs" "install.packages" 
".External" "unzip" ".zip.unpack" "unpackPkgZip" ".install.winbinary" "original" "f" "doTryCatch" "tryCatchOne" "tryCatchList" "tryCatch" "withCallingHandlers" ".rs.callAs" "install.packages" 
".External" "unzip" ".zip.unpack" "unpackPkgZip" ".install.winbinary" "original" "f" "doTryCatch" "tryCatchOne" "tryCatchList" "tryCatch" "withCallingHandlers" ".rs.callAs" "install.packages" 
".External" "unzip" ".zip.unpack" "unpackPkgZip" ".install.winbinary" "original" "f" "doTryCatch" "tryCatchOne" "tryCatchList" "tryCatch" "withCallingHandlers" ".rs.callAs" "install.packages" 
".External" "unzip" ".zip.unpack" "unpackPkgZip" ".install.winbinary" "original" "f" "doTryCatch" "tryCatchOne" "tryCatchList" "tryCatch" "withCallingHandlers" ".rs.callAs" "install.packages" 
".External" "unzip" ".zip.unpack" "unpackPkgZip" ".install.winbinary" "original" "f" "doTryCatch" "tryCatchOne" "tryCatchList" "tryCatch" "withCallingHandlers" ".rs.callAs" "install.packages" 
"structure" "md5sum" "tools::checkMD5sums" "unpackPkgZip" ".install.winbinary" "original" "f" "doTryCatch" "tryCatchOne" "tryCatchList" "tryCatch" "withCallingHandlers" ".rs.callAs" "install.packages" 
".External" "unzip" ".zip.unpack" "unpackPkgZip" ".install.winbinary" "original" "f" "doTryCatch" "tryCatchOne" "tryCatchList" "tryCatch" "withCallingHandlers" ".rs.callAs" "install.packages" 
".External" "unzip" ".zip.unpack" "unpackPkgZip" ".install.winbinary" "original" "f" "doTryCatch" "tryCatchOne" "tryCatchList" "tryCatch" "withCallingHandlers" ".rs.callAs" "install.packages" 
".External" "unzip" ".zip.unpack" "unpackPkgZip" ".install.winbinary" "original" "f" "doTryCatch" "tryCatchOne" "tryCatchList" "tryCatch" "withCallingHandlers" ".rs.callAs" "install.packages" 
".External" "unzip" ".zip.unpack" "unpackPkgZip" ".install.winbinary" "original" "f" "doTryCatch" "tryCatchOne" "tryCatchList" "tryCatch" "withCallingHandlers" ".rs.callAs" "install.packages" 
".External" "unzip" ".zip.unpack" "unpackPkgZip" ".install.winbinary" "original" "f" "doTryCatch" "tryCatchOne" "tryCatchList" "tryCatch" "withCallingHandlers" ".rs.callAs" "install.packages" 
".External" "unzip" ".zip.unpack" "unpackPkgZip" ".install.winbinary" "original" "f" "doTryCatch" "tryCatchOne" "tryCatchList" "tryCatch" "withCallingHandlers" ".rs.callAs" "install.packages" 
".External" "unzip" ".zip.unpack" "unpackPkgZip" ".install.winbinary" "original" "f" "doTryCatch" "tryCatchOne" "tryCatchList" "tryCatch" "withCallingHandlers" ".rs.callAs" "install.packages" 
".External" "unzip" ".zip.unpack" "unpackPkgZip" ".install.winbinary" "original" "f" "doTryCatch" "tryCatchOne" "tryCatchList" "tryCatch" "withCallingHandlers" ".rs.callAs" "install.packages" 
".External" "unzip" ".zip.unpack" "unpackPkgZip" ".install.winbinary" "original" "f" "doTryCatch" "tryCatchOne" "tryCatchList" "tryCatch" "withCallingHandlers" ".rs.callAs" "install.packages" 
".External" "unzip" ".zip.unpack" "unpackPkgZip" ".install.winbinary" "original" "f" "doTryCatch" "tryCatchOne" "tryCatchList" "tryCatch" "withCallingHandlers" ".rs.callAs" "install.packages" 
".External" "unzip" ".zip.unpack" "unpackPkgZip" ".install.winbinary" "original" "f" "doTryCatch" "tryCatchOne" "tryCatchList" "tryCatch" "withCallingHandlers" ".rs.callAs" "install.packages" 
".External" "unzip" ".zip.unpack" "unpackPkgZip" ".install.winbinary" "original" "f" "doTryCatch" "tryCatchOne" "tryCatchList" "tryCatch" "withCallingHandlers" ".rs.callAs" "install.packages" 
".External" "unzip" ".zip.unpack" "unpackPkgZip" ".install.winbinary" "original" "f" "doTryCatch" "tryCatchOne" "tryCatchList" "tryCatch" "withCallingHandlers" ".rs.callAs" "install.packages" 
".External" "unzip" ".zip.unpack" "unpackPkgZip" ".install.winbinary" "original" "f" "doTryCatch" "tryCatchOne" "tryCatchList" "tryCatch" "withCallingHandlers" ".rs.callAs" "install.packages" 
".External" "unzip" ".zip.unpack" "unpackPkgZip" ".install.winbinary" "original" "f" "doTryCatch" "tryCatchOne" "tryCatchList" "tryCatch" "withCallingHandlers" ".rs.callAs" "install.packages" 
".External" "unzip" ".zip.unpack" "unpackPkgZip" ".install.winbinary" "original" "f" "doTryCatch" "tryCatchOne" "tryCatchList" "tryCatch" "withCallingHandlers" ".rs.callAs" "install.packages" 
".External" "unzip" ".zip.unpack" "unpackPkgZip" ".install.winbinary" "original" "f" "doTryCatch" "tryCatchOne" "tryCatchList" "tryCatch" "withCallingHandlers" ".rs.callAs" "install.packages" 
".External" "unzip" ".zip.unpack" "unpackPkgZip" ".install.winbinary" "original" "f" "doTryCatch" "tryCatchOne" "tryCatchList" "tryCatch" "withCallingHandlers" ".rs.callAs" "install.packages" 
".External" "unzip" ".zip.unpack" "unpackPkgZip" ".install.winbinary" "original" "f" "doTryCatch" "tryCatchOne" "tryCatchList" "tryCatch" "withCallingHandlers" ".rs.callAs" "install.packages" 
".External" "unzip" ".zip.unpack" "unpackPkgZip" ".install.winbinary" "original" "f" "doTryCatch" "tryCatchOne" "tryCatchList" "tryCatch" "withCallingHandlers" ".rs.callAs" "install.packages" 
".External" "unzip" ".zip.unpack" "unpackPkgZip" ".install.winbinary" "original" "f" "doTryCatch" "tryCatchOne" "tryCatchList" "tryCatch" "withCallingHandlers" ".rs.callAs" "install.packages" 
".External" "unzip" ".zip.unpack" "unpackPkgZip" ".install.winbinary" "original" "f" "doTryCatch" "tryCatchOne" "tryCatchList" "tryCatch" "withCallingHandlers" ".rs.callAs" "install.packages" 
".External" "unzip" ".zip.unpack" "unpackPkgZip" ".install.winbinary" "original" "f" "doTryCatch" "tryCatchOne" "tryCatchList" "tryCatch" "withCallingHandlers" ".rs.callAs" "install.packages" 
".External" "unzip" ".zip.unpack" "unpackPkgZip" ".install.winbinary" "original" "f" "doTryCatch" "tryCatchOne" "tryCatchList" "tryCatch" "withCallingHandlers" ".rs.callAs" "install.packages" 
".External" "unzip" ".zip.unpack" "unpackPkgZip" ".install.winbinary" "original" "f" "doTryCatch" "tryCatchOne" "tryCatchList" "tryCatch" "withCallingHandlers" ".rs.callAs" "install.packages" 
".External" "unzip" ".zip.unpack" "unpackPkgZip" ".install.winbinary" "original" "f" "doTryCatch" "tryCatchOne" "tryCatchList" "tryCatch" "withCallingHandlers" ".rs.callAs" "install.packages" 
"file.rename" "unpackPkgZip" ".install.winbinary" "original" "f" "doTryCatch" "tryCatchOne" "tryCatchList" "tryCatch" "withCallingHandlers" ".rs.callAs" "install.packages" 
".External" "unzip" ".zip.unpack" "unpackPkgZip" ".install.winbinary" "original" "f" "doTryCatch" "tryCatchOne" "tryCatchList" "tryCatch" "withCallingHandlers" ".rs.callAs" "install.packages" 
".External" "unzip" ".zip.unpack" "unpackPkgZip" ".install.winbinary" "original" "f" "doTryCatch" "tryCatchOne" "tryCatchList" "tryCatch" "withCallingHandlers" ".rs.callAs" "install.packages" 
".External" "unzip" ".zip.unpack" "unpackPkgZip" ".install.winbinary" "original" "f" "doTryCatch" "tryCatchOne" "tryCatchList" "tryCatch" "withCallingHandlers" ".rs.callAs" "install.packages" 
".External" "unzip" ".zip.unpack" "unpackPkgZip" ".install.winbinary" "original" "f" "doTryCatch" "tryCatchOne" "tryCatchList" "tryCatch" "withCallingHandlers" ".rs.callAs" "install.packages" 
".External" "unzip" ".zip.unpack" "unpackPkgZip" ".install.winbinary" "original" "f" "doTryCatch" "tryCatchOne" "tryCatchList" "tryCatch" "withCallingHandlers" ".rs.callAs" "install.packages" 
".External" "unzip" ".zip.unpack" "unpackPkgZip" ".install.winbinary" "original" "f" "doTryCatch" "tryCatchOne" "tryCatchList" "tryCatch" "withCallingHandlers" ".rs.callAs" "install.packages" 
".External" "unzip" ".zip.unpack" "unpackPkgZip" ".install.winbinary" "original" "f" "doTryCatch" "tryCatchOne" "tryCatchList" "tryCatch" "withCallingHandlers" ".rs.callAs" "install.packages" 
".External" "unzip" ".zip.unpack" "unpackPkgZip" ".install.winbinary" "original" "f" "doTryCatch" "tryCatchOne" "tryCatchList" "tryCatch" "withCallingHandlers" ".rs.callAs" "install.packages" 
"file.rename" "unpackPkgZip" ".install.winbinary" "original" "f" "doTryCatch" "tryCatchOne" "tryCatchList" "tryCatch" "withCallingHandlers" ".rs.callAs" "install.packages" 
".External" "unzip" ".zip.unpack" "unpackPkgZip" ".install.winbinary" "original" "f" "doTryCatch" "tryCatchOne" "tryCatchList" "tryCatch" "withCallingHandlers" ".rs.callAs" "install.packages" 
".External" "unzip" ".zip.unpack" "unpackPkgZip" ".install.winbinary" "original" "f" "doTryCatch" "tryCatchOne" "tryCatchList" "tryCatch" "withCallingHandlers" ".rs.callAs" "install.packages" 
".External" "unzip" ".zip.unpack" "unpackPkgZip" ".install.winbinary" "original" "f" "doTryCatch" "tryCatchOne" "tryCatchList" "tryCatch" "withCallingHandlers" ".rs.callAs" "install.packages" 
".External" "unzip" ".zip.unpack" "unpackPkgZip" ".install.winbinary" "original" "f" "doTryCatch" "tryCatchOne" "tryCatchList" "tryCatch" "withCallingHandlers" ".rs.callAs" "install.packages" 
".External" "unzip" ".zip.unpack" "unpackPkgZip" ".install.winbinary" "original" "f" "doTryCatch" "tryCatchOne" "tryCatchList" "tryCatch" "withCallingHandlers" ".rs.callAs" "install.packages" 
".External" "unzip" ".zip.unpack" "unpackPkgZip" ".install.winbinary" "original" "f" "doTryCatch" "tryCatchOne" "tryCatchList" "tryCatch" "withCallingHandlers" ".rs.callAs" "install.packages" 
".External" "unzip" ".zip.unpack" "unpackPkgZip" ".install.winbinary" "original" "f" "doTryCatch" "tryCatchOne" "tryCatchList" "tryCatch" "withCallingHandlers" ".rs.callAs" "install.packages" 
".External" "unzip" ".zip.unpack" "unpackPkgZip" ".install.winbinary" "original" "f" "doTryCatch" "tryCatchOne" "tryCatchList" "tryCatch" "withCallingHandlers" ".rs.callAs" "install.packages" 
".External" "unzip" ".zip.unpack" "unpackPkgZip" ".install.winbinary" "original" "f" "doTryCatch" "tryCatchOne" "tryCatchList" "tryCatch" "withCallingHandlers" ".rs.callAs" "install.packages" 
".External" "unzip" ".zip.unpack" "unpackPkgZip" ".install.winbinary" "original" "f" "doTryCatch" "tryCatchOne" "tryCatchList" "tryCatch" "withCallingHandlers" ".rs.callAs" "install.packages" 
".External" "unzip" ".zip.unpack" "unpackPkgZip" ".install.winbinary" "original" "f" "doTryCatch" "tryCatchOne" "tryCatchList" "tryCatch" "withCallingHandlers" ".rs.callAs" "install.packages" 
".External" "unzip" ".zip.unpack" "unpackPkgZip" ".install.winbinary" "original" "f" "doTryCatch" "tryCatchOne" "tryCatchList" "tryCatch" "withCallingHandlers" ".rs.callAs" "install.packages" 
".External" "unzip" ".zip.unpack" "unpackPkgZip" ".install.winbinary" "original" "f" "doTryCatch" "tryCatchOne" "tryCatchList" "tryCatch" "withCallingHandlers" ".rs.callAs" "install.packages" 
".External" "unzip" ".zip.unpack" "unpackPkgZip" ".install.winbinary" "original" "f" "doTryCatch" "tryCatchOne" "tryCatchList" "tryCatch" "withCallingHandlers" ".rs.callAs" "install.packages" 
".External" "unzip" ".zip.unpack" "unpackPkgZip" ".install.winbinary" "original" "f" "doTryCatch" "tryCatchOne" "tryCatchList" "tryCatch" "withCallingHandlers" ".rs.callAs" "install.packages" 
".External" "unzip" ".zip.unpack" "unpackPkgZip" ".install.winbinary" "original" "f" "doTryCatch" "tryCatchOne" "tryCatchList" "tryCatch" "withCallingHandlers" ".rs.callAs" "install.packages" 
".External" "unzip" ".zip.unpack" "unpackPkgZip" ".install.winbinary" "original" "f" "doTryCatch" "tryCatchOne" "tryCatchList" "tryCatch" "withCallingHandlers" ".rs.callAs" "install.packages" 
".External" "unzip" ".zip.unpack" "unpackPkgZip" ".install.winbinary" "original" "f" "doTryCatch" "tryCatchOne" "tryCatchList" "tryCatch" "withCallingHandlers" ".rs.callAs" "install.packages" 
".External" "unzip" ".zip.unpack" "unpackPkgZip" ".install.winbinary" "original" "f" "doTryCatch" "tryCatchOne" "tryCatchList" "tryCatch" "withCallingHandlers" ".rs.callAs" "install.packages" 
".External" "unzip" ".zip.unpack" "unpackPkgZip" ".install.winbinary" "original" "f" "doTryCatch" "tryCatchOne" "tryCatchList" "tryCatch" "withCallingHandlers" ".rs.callAs" "install.packages" 
".External" "unzip" ".zip.unpack" "unpackPkgZip" ".install.winbinary" "original" "f" "doTryCatch" "tryCatchOne" "tryCatchList" "tryCatch" "withCallingHandlers" ".rs.callAs" "install.packages" 
"file.rename" "unpackPkgZip" ".install.winbinary" "original" "f" "doTryCatch" "tryCatchOne" "tryCatchList" "tryCatch" "withCallingHandlers" ".rs.callAs" "install.packages" 
"base::list.dirs" ".rs.updatePackageEvents" "f" "doTryCatch" "tryCatchOne" "tryCatchList" "tryCatch" "withCallingHandlers" ".rs.callAs" "install.packages" 
"cb$putcode" "cmpConstArg" "cmpBuiltinArgs" "cmpBuiltin" "cmpDotInternalCall" "h" "tryInline" "cmpCall" "cmp" "genCode" "cb$putconst" "cmpCallArgs" "cmpCallSymFun" "cmpCall" "cmp" "cmpPrim2" "h" "tryInline" "cmpCall" "cmp" "cmpComplexAssign" "h" "tryInline" "cmpCall" "cmp" "h" "tryInline" "cmpCall" "cmp" "genCode" "cmpfun" "doTryCatch" "tryCatchOne" "tryCatchList" "tryCatch" "compiler:::tryCmpfun" "<Anonymous>" ".Call" "f" "doTryCatch" "tryCatchOne" "tryCatchList" "tryCatch" "withCallingHandlers" ".rs.callAs" "install.packages" 
"cb$putcode" "cmpConstArg" "cmpBuiltinArgs" "cmpBuiltin" "cmpDotInternalCall" "h" "tryInline" "cmpCall" "cmp" "genCode" "cb$putconst" "cmpCallArgs" "cmpCallSymFun" "cmpCall" "cmp" "cmpPrim2" "h" "tryInline" "cmpCall" "cmp" "cmpComplexAssign" "h" "tryInline" "cmpCall" "cmp" "h" "tryInline" "cmpCall" "cmp" "genCode" "cmpfun" "doTryCatch" "tryCatchOne" "tryCatchList" "tryCatch" "compiler:::tryCmpfun" "<Anonymous>" ".Call" "f" "doTryCatch" "tryCatchOne" "tryCatchList" "tryCatch" "withCallingHandlers" ".rs.callAs" "install.packages" 
"cb$putcode" "cmpConstArg" "cmpBuiltinArgs" "cmpBuiltin" "cmpDotInternalCall" "h" "tryInline" "cmpCall" "cmp" "genCode" "cb$putconst" "cmpCallArgs" "cmpCallSymFun" "cmpCall" "cmp" "cmpPrim2" "h" "tryInline" "cmpCall" "cmp" "cmpComplexAssign" "h" "tryInline" "cmpCall" "cmp" "h" "tryInline" "cmpCall" "cmp" "genCode" "cmpfun" "doTryCatch" "tryCatchOne" "tryCatchList" "tryCatch" "compiler:::tryCmpfun" "<Anonymous>" ".Call" "f" "doTryCatch" "tryCatchOne" "tryCatchList" "tryCatch" "withCallingHandlers" ".rs.callAs" "install.packages" 
"cb$putcode" "cmpConstArg" "cmpBuiltinArgs" "cmpBuiltin" "cmpDotInternalCall" "h" "tryInline" "cmpCall" "cmp" "genCode" "cb$putconst" "cmpCallArgs" "cmpCallSymFun" "cmpCall" "cmp" "cmpPrim2" "h" "tryInline" "cmpCall" "cmp" "cmpComplexAssign" "h" "tryInline" "cmpCall" "cmp" "h" "tryInline" "cmpCall" "cmp" "genCode" "cmpfun" "doTryCatch" "tryCatchOne" "tryCatchList" "tryCatch" "compiler:::tryCmpfun" "<Anonymous>" ".Call" "f" "doTryCatch" "tryCatchOne" "tryCatchList" "tryCatch" "withCallingHandlers" ".rs.callAs" "install.packages" 
"cb$putcode" "cmpConstArg" "cmpBuiltinArgs" "cmpBuiltin" "cmpDotInternalCall" "h" "tryInline" "cmpCall" "cmp" "genCode" "cb$putconst" "cmpCallArgs" "cmpCallSymFun" "cmpCall" "cmp" "cmpPrim2" "h" "tryInline" "cmpCall" "cmp" "cmpComplexAssign" "h" "tryInline" "cmpCall" "cmp" "h" "tryInline" "cmpCall" "cmp" "genCode" "cmpfun" "doTryCatch" "tryCatchOne" "tryCatchList" "tryCatch" "compiler:::tryCmpfun" "<Anonymous>" ".Call" "f" "doTryCatch" "tryCatchOne" "tryCatchList" "tryCatch" "withCallingHandlers" ".rs.callAs" "install.packages" 
"unique.default" "unique" "union" "addCenvVars" "funEnv" "make.functionContext" "h" "tryInline" "cmpCall" "cmp" "cmpSymbolAssign" "h" "tryInline" "cmpCall" "cmp" "h" "tryInline" "cmpCall" "cmp" "genCode" "cmpfun" "doTryCatch" "tryCatchOne" "tryCatchList" "tryCatch" "compiler:::tryCmpfun" ".rs.listInstalledPackages" "<Anonymous>" ".Call" "f" "doTryCatch" "tryCatchOne" "tryCatchList" "tryCatch" "withCallingHandlers" ".rs.callAs" "install.packages" 
"file.exists" ".rs.listInstalledPackages" "<Anonymous>" ".Call" "f" "doTryCatch" "tryCatchOne" "tryCatchList" "tryCatch" "withCallingHandlers" ".rs.callAs" "install.packages" 
"normalizePath" "%in%" "withCallingHandlers" "suppressWarnings" ".rs.listInstalledPackages" "<Anonymous>" ".Call" "f" "doTryCatch" "tryCatchOne" "tryCatchList" "tryCatch" "withCallingHandlers" ".rs.callAs" "install.packages" 
"rle" "read.dcf" "readDcf" "FUN" "lapply" "packrat::status" "withCallingHandlers" "suppressWarnings" "doTryCatch" "tryCatchOne" "tryCatchList" "tryCatch" ".rs.quietPackratStatus" "<Anonymous>" ".Call" "f" "doTryCatch" "tryCatchOne" "tryCatchList" "tryCatch" "withCallingHandlers" ".rs.callAs" "install.packages" 
"mapply" "read.dcf" "readDcf" "FUN" "lapply" "packrat::status" "withCallingHandlers" "suppressWarnings" "doTryCatch" "tryCatchOne" "tryCatchList" "tryCatch" ".rs.quietPackratStatus" "<Anonymous>" ".Call" "f" "doTryCatch" "tryCatchOne" "tryCatchList" "tryCatch" "withCallingHandlers" ".rs.callAs" "install.packages" 
"readRDS" "available.packages" "doTryCatch" "tryCatchOne" "tryCatchList" "tryCatch" "availablePackages" "packrat::status" "withCallingHandlers" "suppressWarnings" "doTryCatch" "tryCatchOne" "tryCatchList" "tryCatch" ".rs.quietPackratStatus" "<Anonymous>" ".Call" "f" "doTryCatch" "tryCatchOne" "tryCatchList" "tryCatch" "withCallingHandlers" ".rs.callAs" "install.packages" 
"readRDS" "available.packages" "doTryCatch" "tryCatchOne" "tryCatchList" "tryCatch" "availablePackages" "packrat::status" "withCallingHandlers" "suppressWarnings" "doTryCatch" "tryCatchOne" "tryCatchList" "tryCatch" ".rs.quietPackratStatus" "<Anonymous>" ".Call" "f" "doTryCatch" "tryCatchOne" "tryCatchList" "tryCatch" "withCallingHandlers" ".rs.callAs" "install.packages" 
"available.packages" "doTryCatch" "tryCatchOne" "tryCatchList" "tryCatch" "availablePackages" "packrat::status" "withCallingHandlers" "suppressWarnings" "doTryCatch" "tryCatchOne" "tryCatchList" "tryCatch" ".rs.quietPackratStatus" "<Anonymous>" ".Call" "f" "doTryCatch" "tryCatchOne" "tryCatchList" "tryCatch" "withCallingHandlers" ".rs.callAs" "install.packages" 
"lapply" "f" "available.packages" "doTryCatch" "tryCatchOne" "tryCatchList" "tryCatch" "availablePackages" "packrat::status" "withCallingHandlers" "suppressWarnings" "doTryCatch" "tryCatchOne" "tryCatchList" "tryCatch" ".rs.quietPackratStatus" "<Anonymous>" ".Call" "f" "doTryCatch" "tryCatchOne" "tryCatchList" "tryCatch" "withCallingHandlers" ".rs.callAs" "install.packages" 
"FUN" "lapply" "f" "available.packages" "doTryCatch" "tryCatchOne" "tryCatchList" "tryCatch" "availablePackages" "packrat::status" "withCallingHandlers" "suppressWarnings" "doTryCatch" "tryCatchOne" "tryCatchList" "tryCatch" ".rs.quietPackratStatus" "<Anonymous>" ".Call" "f" "doTryCatch" "tryCatchOne" "tryCatchList" "tryCatch" "withCallingHandlers" ".rs.callAs" "install.packages" 
"grepl" "FUN" "lapply" "f" "available.packages" "doTryCatch" "tryCatchOne" "tryCatchList" "tryCatch" "availablePackages" "packrat::status" "withCallingHandlers" "suppressWarnings" "doTryCatch" "tryCatchOne" "tryCatchList" "tryCatch" ".rs.quietPackratStatus" "<Anonymous>" ".Call" "f" "doTryCatch" "tryCatchOne" "tryCatchList" "tryCatch" "withCallingHandlers" ".rs.callAs" "install.packages" 
"grepl" "FUN" "lapply" "f" "available.packages" "doTryCatch" "tryCatchOne" "tryCatchList" "tryCatch" "availablePackages" "packrat::status" "withCallingHandlers" "suppressWarnings" "doTryCatch" "tryCatchOne" "tryCatchList" "tryCatch" ".rs.quietPackratStatus" "<Anonymous>" ".Call" "f" "doTryCatch" "tryCatchOne" "tryCatchList" "tryCatch" "withCallingHandlers" ".rs.callAs" "install.packages" 
"grepl" "FUN" "lapply" "f" "available.packages" "doTryCatch" "tryCatchOne" "tryCatchList" "tryCatch" "availablePackages" "packrat::status" "withCallingHandlers" "suppressWarnings" "doTryCatch" "tryCatchOne" "tryCatchList" "tryCatch" ".rs.quietPackratStatus" "<Anonymous>" ".Call" "f" "doTryCatch" "tryCatchOne" "tryCatchList" "tryCatch" "withCallingHandlers" ".rs.callAs" "install.packages" 
"lapply" ".make_numeric_version" "numeric_version" "as.numeric_version" "Ops.numeric_version" ">=" "do.call" "f" "available.packages" "doTryCatch" "tryCatchOne" "tryCatchList" "tryCatch" "availablePackages" "packrat::status" "withCallingHandlers" "suppressWarnings" "doTryCatch" "tryCatchOne" "tryCatchList" "tryCatch" ".rs.quietPackratStatus" "<Anonymous>" ".Call" "f" "doTryCatch" "tryCatchOne" "tryCatchList" "tryCatch" "withCallingHandlers" ".rs.callAs" "install.packages" 
"unlist" ".encode_numeric_version" "split" "Ops.numeric_version" ">=" "do.call" "f" "available.packages" "doTryCatch" "tryCatchOne" "tryCatchList" "tryCatch" "availablePackages" "packrat::status" "withCallingHandlers" "suppressWarnings" "doTryCatch" "tryCatchOne" "tryCatchList" "tryCatch" ".rs.quietPackratStatus" "<Anonymous>" ".Call" "f" "doTryCatch" "tryCatchOne" "tryCatchList" "tryCatch" "withCallingHandlers" ".rs.callAs" "install.packages" 
"vapply" ".encode_numeric_version" "split" "Ops.numeric_version" ">=" "do.call" "f" "available.packages" "doTryCatch" "tryCatchOne" "tryCatchList" "tryCatch" "availablePackages" "packrat::status" "withCallingHandlers" "suppressWarnings" "doTryCatch" "tryCatchOne" "tryCatchList" "tryCatch" ".rs.quietPackratStatus" "<Anonymous>" ".Call" "f" "doTryCatch" "tryCatchOne" "tryCatchList" "tryCatch" "withCallingHandlers" ".rs.callAs" "install.packages" 
"strrep" "paste0" "strlpad" "paste" "FUN" "vapply" ".encode_numeric_version" "split" "Ops.numeric_version" ">=" "do.call" "f" "available.packages" "doTryCatch" "tryCatchOne" "tryCatchList" "tryCatch" "availablePackages" "packrat::status" "withCallingHandlers" "suppressWarnings" "doTryCatch" "tryCatchOne" "tryCatchList" "tryCatch" ".rs.quietPackratStatus" "<Anonymous>" ".Call" "f" "doTryCatch" "tryCatchOne" "tryCatchList" "tryCatch" "withCallingHandlers" ".rs.callAs" "install.packages" 
"strrep" "paste0" "strlpad" "paste" "FUN" "vapply" ".encode_numeric_version" "split" "Ops.numeric_version" ">=" "do.call" "f" "available.packages" "doTryCatch" "tryCatchOne" "tryCatchList" "tryCatch" "availablePackages" "packrat::status" "withCallingHandlers" "suppressWarnings" "doTryCatch" "tryCatchOne" "tryCatchList" "tryCatch" ".rs.quietPackratStatus" "<Anonymous>" ".Call" "f" "doTryCatch" "tryCatchOne" "tryCatchList" "tryCatch" "withCallingHandlers" ".rs.callAs" "install.packages" 
"lapply" "unlist" "f" "available.packages" "doTryCatch" "tryCatchOne" "tryCatchList" "tryCatch" "availablePackages" "packrat::status" "withCallingHandlers" "suppressWarnings" "doTryCatch" "tryCatchOne" "tryCatchList" "tryCatch" ".rs.quietPackratStatus" "<Anonymous>" ".Call" "f" "doTryCatch" "tryCatchOne" "tryCatchList" "tryCatch" "withCallingHandlers" ".rs.callAs" "install.packages" 
"strsplit" "FUN" "lapply" "unlist" "f" "available.packages" "doTryCatch" "tryCatchOne" "tryCatchList" "tryCatch" "availablePackages" "packrat::status" "withCallingHandlers" "suppressWarnings" "doTryCatch" "tryCatchOne" "tryCatchList" "tryCatch" ".rs.quietPackratStatus" "<Anonymous>" ".Call" "f" "doTryCatch" "tryCatchOne" "tryCatchList" "tryCatch" "withCallingHandlers" ".rs.callAs" "install.packages" 
"strsplit" "FUN" "lapply" "unlist" "f" "available.packages" "doTryCatch" "tryCatchOne" "tryCatchList" "tryCatch" "availablePackages" "packrat::status" "withCallingHandlers" "suppressWarnings" "doTryCatch" "tryCatchOne" "tryCatchList" "tryCatch" ".rs.quietPackratStatus" "<Anonymous>" ".Call" "f" "doTryCatch" "tryCatchOne" "tryCatchList" "tryCatch" "withCallingHandlers" ".rs.callAs" "install.packages" 
"list.files" "dirDependencies" "unique" "as.vector" "setdiff" "appDependencies" "packrat::status" "withCallingHandlers" "suppressWarnings" "doTryCatch" "tryCatchOne" "tryCatchList" "tryCatch" ".rs.quietPackratStatus" "<Anonymous>" ".Call" "f" "doTryCatch" "tryCatchOne" "tryCatchList" "tryCatch" "withCallingHandlers" ".rs.callAs" "install.packages" 
"list.files" "dirDependencies" "unique" "as.vector" "setdiff" "appDependencies" "packrat::status" "withCallingHandlers" "suppressWarnings" "doTryCatch" "tryCatchOne" "tryCatchList" "tryCatch" ".rs.quietPackratStatus" "<Anonymous>" ".Call" "f" "doTryCatch" "tryCatchOne" "tryCatchList" "tryCatch" "withCallingHandlers" ".rs.callAs" "install.packages" 
"list.files" "dirDependencies" "unique" "as.vector" "setdiff" "appDependencies" "packrat::status" "withCallingHandlers" "suppressWarnings" "doTryCatch" "tryCatchOne" "tryCatchList" "tryCatch" ".rs.quietPackratStatus" "<Anonymous>" ".Call" "f" "doTryCatch" "tryCatchOne" "tryCatchList" "tryCatch" "withCallingHandlers" ".rs.callAs" "install.packages" 
"list.files" "dirDependencies" "unique" "as.vector" "setdiff" "appDependencies" "packrat::status" "withCallingHandlers" "suppressWarnings" "doTryCatch" "tryCatchOne" "tryCatchList" "tryCatch" ".rs.quietPackratStatus" "<Anonymous>" ".Call" "f" "doTryCatch" "tryCatchOne" "tryCatchList" "tryCatch" "withCallingHandlers" ".rs.callAs" "install.packages" 
"list.files" "dirDependencies" "unique" "as.vector" "setdiff" "appDependencies" "packrat::status" "withCallingHandlers" "suppressWarnings" "doTryCatch" "tryCatchOne" "tryCatchList" "tryCatch" ".rs.quietPackratStatus" "<Anonymous>" ".Call" "f" "doTryCatch" "tryCatchOne" "tryCatchList" "tryCatch" "withCallingHandlers" ".rs.callAs" "install.packages" 
"list.files" "dirDependencies" "unique" "as.vector" "setdiff" "appDependencies" "packrat::status" "withCallingHandlers" "suppressWarnings" "doTryCatch" "tryCatchOne" "tryCatchList" "tryCatch" ".rs.quietPackratStatus" "<Anonymous>" ".Call" "f" "doTryCatch" "tryCatchOne" "tryCatchList" "tryCatch" "withCallingHandlers" ".rs.callAs" "install.packages" 
"list.files" "dirDependencies" "unique" "as.vector" "setdiff" "appDependencies" "packrat::status" "withCallingHandlers" "suppressWarnings" "doTryCatch" "tryCatchOne" "tryCatchList" "tryCatch" ".rs.quietPackratStatus" "<Anonymous>" ".Call" "f" "doTryCatch" "tryCatchOne" "tryCatchList" "tryCatch" "withCallingHandlers" ".rs.callAs" "install.packages" 
"list.files" "dirDependencies" "unique" "as.vector" "setdiff" "appDependencies" "packrat::status" "withCallingHandlers" "suppressWarnings" "doTryCatch" "tryCatchOne" "tryCatchList" "tryCatch" ".rs.quietPackratStatus" "<Anonymous>" ".Call" "f" "doTryCatch" "tryCatchOne" "tryCatchList" "tryCatch" "withCallingHandlers" ".rs.callAs" "install.packages" 
"list.files" "dirDependencies" "unique" "as.vector" "setdiff" "appDependencies" "packrat::status" "withCallingHandlers" "suppressWarnings" "doTryCatch" "tryCatchOne" "tryCatchList" "tryCatch" ".rs.quietPackratStatus" "<Anonymous>" ".Call" "f" "doTryCatch" "tryCatchOne" "tryCatchList" "tryCatch" "withCallingHandlers" ".rs.callAs" "install.packages" 
"list.files" "dirDependencies" "unique" "as.vector" "setdiff" "appDependencies" "packrat::status" "withCallingHandlers" "suppressWarnings" "doTryCatch" "tryCatchOne" "tryCatchList" "tryCatch" ".rs.quietPackratStatus" "<Anonymous>" ".Call" "f" "doTryCatch" "tryCatchOne" "tryCatchList" "tryCatch" "withCallingHandlers" ".rs.callAs" "install.packages" 
"list.files" "dirDependencies" "unique" "as.vector" "setdiff" "appDependencies" "packrat::status" "withCallingHandlers" "suppressWarnings" "doTryCatch" "tryCatchOne" "tryCatchList" "tryCatch" ".rs.quietPackratStatus" "<Anonymous>" ".Call" "f" "doTryCatch" "tryCatchOne" "tryCatchList" "tryCatch" "withCallingHandlers" ".rs.callAs" "install.packages" 
"list.files" "dirDependencies" "unique" "as.vector" "setdiff" "appDependencies" "packrat::status" "withCallingHandlers" "suppressWarnings" "doTryCatch" "tryCatchOne" "tryCatchList" "tryCatch" ".rs.quietPackratStatus" "<Anonymous>" ".Call" "f" "doTryCatch" "tryCatchOne" "tryCatchList" "tryCatch" "withCallingHandlers" ".rs.callAs" "install.packages" 
"list.files" "dirDependencies" "unique" "as.vector" "setdiff" "appDependencies" "packrat::status" "withCallingHandlers" "suppressWarnings" "doTryCatch" "tryCatchOne" "tryCatchList" "tryCatch" ".rs.quietPackratStatus" "<Anonymous>" ".Call" "f" "doTryCatch" "tryCatchOne" "tryCatchList" "tryCatch" "withCallingHandlers" ".rs.callAs" "install.packages" 
"list.files" "dirDependencies" "unique" "as.vector" "setdiff" "appDependencies" "packrat::status" "withCallingHandlers" "suppressWarnings" "doTryCatch" "tryCatchOne" "tryCatchList" "tryCatch" ".rs.quietPackratStatus" "<Anonymous>" ".Call" "f" "doTryCatch" "tryCatchOne" "tryCatchList" "tryCatch" "withCallingHandlers" ".rs.callAs" "install.packages" 
"list.files" "dirDependencies" "unique" "as.vector" "setdiff" "appDependencies" "withCallingHandlers" "suppressWarnings" "packrat::status" "withCallingHandlers" "suppressWarnings" "doTryCatch" "tryCatchOne" "tryCatchList" "tryCatch" ".rs.quietPackratStatus" "<Anonymous>" ".Call" "f" "doTryCatch" "tryCatchOne" "tryCatchList" "tryCatch" "withCallingHandlers" ".rs.callAs" "install.packages" 
"list.files" "dirDependencies" "unique" "as.vector" "setdiff" "appDependencies" "withCallingHandlers" "suppressWarnings" "packrat::status" "withCallingHandlers" "suppressWarnings" "doTryCatch" "tryCatchOne" "tryCatchList" "tryCatch" ".rs.quietPackratStatus" "<Anonymous>" ".Call" "f" "doTryCatch" "tryCatchOne" "tryCatchList" "tryCatch" "withCallingHandlers" ".rs.callAs" "install.packages" 
"list.files" "dirDependencies" "unique" "as.vector" "setdiff" "appDependencies" "withCallingHandlers" "suppressWarnings" "packrat::status" "withCallingHandlers" "suppressWarnings" "doTryCatch" "tryCatchOne" "tryCatchList" "tryCatch" ".rs.quietPackratStatus" "<Anonymous>" ".Call" "f" "doTryCatch" "tryCatchOne" "tryCatchList" "tryCatch" "withCallingHandlers" ".rs.callAs" "install.packages" 
"list.files" "dirDependencies" "unique" "as.vector" "setdiff" "appDependencies" "withCallingHandlers" "suppressWarnings" "packrat::status" "withCallingHandlers" "suppressWarnings" "doTryCatch" "tryCatchOne" "tryCatchList" "tryCatch" ".rs.quietPackratStatus" "<Anonymous>" ".Call" "f" "doTryCatch" "tryCatchOne" "tryCatchList" "tryCatch" "withCallingHandlers" ".rs.callAs" "install.packages" 
"list.files" "dirDependencies" "unique" "as.vector" "setdiff" "appDependencies" "withCallingHandlers" "suppressWarnings" "packrat::status" "withCallingHandlers" "suppressWarnings" "doTryCatch" "tryCatchOne" "tryCatchList" "tryCatch" ".rs.quietPackratStatus" "<Anonymous>" ".Call" "f" "doTryCatch" "tryCatchOne" "tryCatchList" "tryCatch" "withCallingHandlers" ".rs.callAs" "install.packages" 
"list.files" "dirDependencies" "unique" "as.vector" "setdiff" "appDependencies" "withCallingHandlers" "suppressWarnings" "packrat::status" "withCallingHandlers" "suppressWarnings" "doTryCatch" "tryCatchOne" "tryCatchList" "tryCatch" ".rs.quietPackratStatus" "<Anonymous>" ".Call" "f" "doTryCatch" "tryCatchOne" "tryCatchList" "tryCatch" "withCallingHandlers" ".rs.callAs" "install.packages" 
"list.files" "dirDependencies" "unique" "as.vector" "setdiff" "appDependencies" "withCallingHandlers" "suppressWarnings" "packrat::status" "withCallingHandlers" "suppressWarnings" "doTryCatch" "tryCatchOne" "tryCatchList" "tryCatch" ".rs.quietPackratStatus" "<Anonymous>" ".Call" "f" "doTryCatch" "tryCatchOne" "tryCatchList" "tryCatch" "withCallingHandlers" ".rs.callAs" "install.packages" 
"list.files" "dirDependencies" "unique" "as.vector" "setdiff" "appDependencies" "withCallingHandlers" "suppressWarnings" "packrat::status" "withCallingHandlers" "suppressWarnings" "doTryCatch" "tryCatchOne" "tryCatchList" "tryCatch" ".rs.quietPackratStatus" "<Anonymous>" ".Call" "f" "doTryCatch" "tryCatchOne" "tryCatchList" "tryCatch" "withCallingHandlers" ".rs.callAs" "install.packages" 
"list.files" "dirDependencies" "unique" "as.vector" "setdiff" "appDependencies" "withCallingHandlers" "suppressWarnings" "packrat::status" "withCallingHandlers" "suppressWarnings" "doTryCatch" "tryCatchOne" "tryCatchList" "tryCatch" ".rs.quietPackratStatus" "<Anonymous>" ".Call" "f" "doTryCatch" "tryCatchOne" "tryCatchList" "tryCatch" "withCallingHandlers" ".rs.callAs" "install.packages" 
"list.files" "dirDependencies" "unique" "as.vector" "setdiff" "appDependencies" "withCallingHandlers" "suppressWarnings" "packrat::status" "withCallingHandlers" "suppressWarnings" "doTryCatch" "tryCatchOne" "tryCatchList" "tryCatch" ".rs.quietPackratStatus" "<Anonymous>" ".Call" "f" "doTryCatch" "tryCatchOne" "tryCatchList" "tryCatch" "withCallingHandlers" ".rs.callAs" "install.packages" 
"list.files" "dirDependencies" "unique" "as.vector" "setdiff" "appDependencies" "withCallingHandlers" "suppressWarnings" "packrat::status" "withCallingHandlers" "suppressWarnings" "doTryCatch" "tryCatchOne" "tryCatchList" "tryCatch" ".rs.quietPackratStatus" "<Anonymous>" ".Call" "f" "doTryCatch" "tryCatchOne" "tryCatchList" "tryCatch" "withCallingHandlers" ".rs.callAs" "install.packages" 
"list.files" "dirDependencies" "unique" "as.vector" "setdiff" "appDependencies" "withCallingHandlers" "suppressWarnings" "packrat::status" "withCallingHandlers" "suppressWarnings" "doTryCatch" "tryCatchOne" "tryCatchList" "tryCatch" ".rs.quietPackratStatus" "<Anonymous>" ".Call" "f" "doTryCatch" "tryCatchOne" "tryCatchList" "tryCatch" "withCallingHandlers" ".rs.callAs" "install.packages" 
"list.files" "dirDependencies" "unique" "as.vector" "setdiff" "appDependencies" "withCallingHandlers" "suppressWarnings" "packrat::status" "withCallingHandlers" "suppressWarnings" "doTryCatch" "tryCatchOne" "tryCatchList" "tryCatch" ".rs.quietPackratStatus" "<Anonymous>" ".Call" "f" "doTryCatch" "tryCatchOne" "tryCatchList" "tryCatch" "withCallingHandlers" ".rs.callAs" "install.packages" 
"list.files" "dirDependencies" "unique" "as.vector" "setdiff" "appDependencies" "withCallingHandlers" "suppressWarnings" "packrat::status" "withCallingHandlers" "suppressWarnings" "doTryCatch" "tryCatchOne" "tryCatchList" "tryCatch" ".rs.quietPackratStatus" "<Anonymous>" ".Call" "f" "doTryCatch" "tryCatchOne" "tryCatchList" "tryCatch" "withCallingHandlers" ".rs.callAs" "install.packages" 
"read.dcf" "readDcf" "as.data.frame" "gsub" "strsplit" "unlist" "gsub" "FUN" "lapply" "unlist" "unique" "combineDcfFields" "FUN" "lapply" "unlist" "getPackageDependencies" "recursivePackageDependencies" "appDependencies" "withCallingHandlers" "suppressWarnings" "packrat::status" "withCallingHandlers" "suppressWarnings" "doTryCatch" "tryCatchOne" "tryCatchList" "tryCatch" ".rs.quietPackratStatus" "<Anonymous>" ".Call" "f" "doTryCatch" "tryCatchOne" "tryCatchList" "tryCatch" "withCallingHandlers" ".rs.callAs" "install.packages" 
"Sys.getlocale" "set_collate" "with_collate" "sort_c" "getPackageDependencies" "recursivePackageDependencies" "appDependencies" "withCallingHandlers" "suppressWarnings" "packrat::status" "withCallingHandlers" "suppressWarnings" "doTryCatch" "tryCatchOne" "tryCatchList" "tryCatch" ".rs.quietPackratStatus" "<Anonymous>" ".Call" "f" "doTryCatch" "tryCatchOne" "tryCatchList" "tryCatch" "withCallingHandlers" ".rs.callAs" "install.packages" 
"gsub" "FUN" "lapply" "FUN" "lapply" "unlist" "getPackageDependencies" "recursivePackageDependencies" "appDependencies" "withCallingHandlers" "suppressWarnings" "packrat::status" "withCallingHandlers" "suppressWarnings" "doTryCatch" "tryCatchOne" "tryCatchList" "tryCatch" ".rs.quietPackratStatus" "<Anonymous>" ".Call" "f" "doTryCatch" "tryCatchOne" "tryCatchList" "tryCatch" "withCallingHandlers" ".rs.callAs" "install.packages" 
"Sys.getenv" "packratOption" "getProjectDir" "get_opts" "opts$local.repos" "lapply" "unlist" "FUN" "lapply" "unlist" "getPackageDependencies" "recursivePackageDependencies" "appDependencies" "withCallingHandlers" "suppressWarnings" "packrat::status" "withCallingHandlers" "suppressWarnings" "doTryCatch" "tryCatchOne" "tryCatchList" "tryCatch" ".rs.quietPackratStatus" "<Anonymous>" ".Call" "f" "doTryCatch" "tryCatchOne" "tryCatchList" "tryCatch" "withCallingHandlers" ".rs.callAs" "install.packages" 
"as.list" "FUN" "lapply" "unlist" "getPackageDependencies" "recursivePackageDependencies" "appDependencies" "withCallingHandlers" "suppressWarnings" "packrat::status" "withCallingHandlers" "suppressWarnings" "doTryCatch" "tryCatchOne" "tryCatchList" "tryCatch" ".rs.quietPackratStatus" "<Anonymous>" ".Call" "f" "doTryCatch" "tryCatchOne" "tryCatchList" "tryCatch" "withCallingHandlers" ".rs.callAs" "install.packages" 
"row.names" "%in%" "FUN" "lapply" "unlist" "getPackageDependencies" "recursivePackageDependencies" "appDependencies" "withCallingHandlers" "suppressWarnings" "packrat::status" "withCallingHandlers" "suppressWarnings" "doTryCatch" "tryCatchOne" "tryCatchList" "tryCatch" ".rs.quietPackratStatus" "<Anonymous>" ".Call" "f" "doTryCatch" "tryCatchOne" "tryCatchList" "tryCatch" "withCallingHandlers" ".rs.callAs" "install.packages" 
"gsub" "FUN" "lapply" "FUN" "lapply" "unlist" "getPackageDependencies" "recursivePackageDependencies" "appDependencies" "withCallingHandlers" "suppressWarnings" "packrat::status" "withCallingHandlers" "suppressWarnings" "doTryCatch" "tryCatchOne" "tryCatchList" "tryCatch" ".rs.quietPackratStatus" "<Anonymous>" ".Call" "f" "doTryCatch" "tryCatchOne" "tryCatchList" "tryCatch" "withCallingHandlers" ".rs.callAs" "install.packages" 
"file.exists" "find.package" "system.file" "FUN" "lapply" "unlist" "getPackageDependencies" "recursivePackageDependencies" "appDependencies" "withCallingHandlers" "suppressWarnings" "packrat::status" "withCallingHandlers" "suppressWarnings" "doTryCatch" "tryCatchOne" "tryCatchList" "tryCatch" ".rs.quietPackratStatus" "<Anonymous>" ".Call" "f" "doTryCatch" "tryCatchOne" "tryCatchList" "tryCatch" "withCallingHandlers" ".rs.callAs" "install.packages" 
"find.package" "system.file" "FUN" "lapply" "unlist" "getPackageDependencies" "recursivePackageDependencies" "appDependencies" "withCallingHandlers" "suppressWarnings" "packrat::status" "withCallingHandlers" "suppressWarnings" "doTryCatch" "tryCatchOne" "tryCatchList" "tryCatch" ".rs.quietPackratStatus" "<Anonymous>" ".Call" "f" "doTryCatch" "tryCatchOne" "tryCatchList" "tryCatch" "withCallingHandlers" ".rs.callAs" "install.packages" 
"file.exists" "FUN" "lapply" "unlist" "getPackageDependencies" "recursivePackageDependencies" "appDependencies" "withCallingHandlers" "suppressWarnings" "packrat::status" "withCallingHandlers" "suppressWarnings" "doTryCatch" "tryCatchOne" "tryCatchList" "tryCatch" ".rs.quietPackratStatus" "<Anonymous>" ".Call" "f" "doTryCatch" "tryCatchOne" "tryCatchList" "tryCatch" "withCallingHandlers" ".rs.callAs" "install.packages" 
"gsub" "FUN" "lapply" "FUN" "lapply" "unlist" "getPackageDependencies" "recursivePackageDependencies" "appDependencies" "withCallingHandlers" "suppressWarnings" "packrat::status" "withCallingHandlers" "suppressWarnings" "doTryCatch" "tryCatchOne" "tryCatchList" "tryCatch" ".rs.quietPackratStatus" "<Anonymous>" ".Call" "f" "doTryCatch" "tryCatchOne" "tryCatchList" "tryCatch" "withCallingHandlers" ".rs.callAs" "install.packages" 
"file.exists" "find.package" "system.file" "FUN" "lapply" "unlist" "getPackageDependencies" "recursivePackageDependencies" "appDependencies" "withCallingHandlers" "suppressWarnings" "packrat::status" "withCallingHandlers" "suppressWarnings" "doTryCatch" "tryCatchOne" "tryCatchList" "tryCatch" ".rs.quietPackratStatus" "<Anonymous>" ".Call" "f" "doTryCatch" "tryCatchOne" "tryCatchList" "tryCatch" "withCallingHandlers" ".rs.callAs" "install.packages" 
"file.exists" "find.package" "system.file" "FUN" "lapply" "unlist" "getPackageDependencies" "recursivePackageDependencies" "appDependencies" "withCallingHandlers" "suppressWarnings" "packrat::status" "withCallingHandlers" "suppressWarnings" "doTryCatch" "tryCatchOne" "tryCatchList" "tryCatch" ".rs.quietPackratStatus" "<Anonymous>" ".Call" "f" "doTryCatch" "tryCatchOne" "tryCatchList" "tryCatch" "withCallingHandlers" ".rs.callAs" "install.packages" 
"row.names" "%in%" "FUN" "lapply" "unlist" "getPackageDependencies" "recursivePackageDependencies" "appDependencies" "withCallingHandlers" "suppressWarnings" "packrat::status" "withCallingHandlers" "suppressWarnings" "doTryCatch" "tryCatchOne" "tryCatchList" "tryCatch" ".rs.quietPackratStatus" "<Anonymous>" ".Call" "f" "doTryCatch" "tryCatchOne" "tryCatchList" "tryCatch" "withCallingHandlers" ".rs.callAs" "install.packages" 
"gsub" "FUN" "lapply" "FUN" "lapply" "unlist" "getPackageDependencies" "recursivePackageDependencies" "appDependencies" "withCallingHandlers" "suppressWarnings" "packrat::status" "withCallingHandlers" "suppressWarnings" "doTryCatch" "tryCatchOne" "tryCatchList" "tryCatch" ".rs.quietPackratStatus" "<Anonymous>" ".Call" "f" "doTryCatch" "tryCatchOne" "tryCatchList" "tryCatch" "withCallingHandlers" ".rs.callAs" "install.packages" 
"%in%" "find.package" "system.file" "FUN" "lapply" "unlist" "getPackageDependencies" "recursivePackageDependencies" "appDependencies" "withCallingHandlers" "suppressWarnings" "packrat::status" "withCallingHandlers" "suppressWarnings" "doTryCatch" "tryCatchOne" "tryCatchList" "tryCatch" ".rs.quietPackratStatus" "<Anonymous>" ".Call" "f" "doTryCatch" "tryCatchOne" "tryCatchList" "tryCatch" "withCallingHandlers" ".rs.callAs" "install.packages" 
"get" "get_opts" "opts$local.repos" "lapply" "unlist" "FUN" "lapply" "unlist" "getPackageDependencies" "recursivePackageDependencies" "appDependencies" "withCallingHandlers" "suppressWarnings" "packrat::status" "withCallingHandlers" "suppressWarnings" "doTryCatch" "tryCatchOne" "tryCatchList" "tryCatch" ".rs.quietPackratStatus" "<Anonymous>" ".Call" "f" "doTryCatch" "tryCatchOne" "tryCatchList" "tryCatch" "withCallingHandlers" ".rs.callAs" "install.packages" 
"gsub" "FUN" "lapply" "FUN" "lapply" "unlist" "getPackageDependencies" "recursivePackageDependencies" "appDependencies" "withCallingHandlers" "suppressWarnings" "packrat::status" "withCallingHandlers" "suppressWarnings" "doTryCatch" "tryCatchOne" "tryCatchList" "tryCatch" ".rs.quietPackratStatus" "<Anonymous>" ".Call" "f" "doTryCatch" "tryCatchOne" "tryCatchList" "tryCatch" "withCallingHandlers" ".rs.callAs" "install.packages" 
"Sys.getenv" "packratOption" "getProjectDir" "get_opts" "opts$local.repos" "lapply" "unlist" "FUN" "lapply" "unlist" "getPackageDependencies" "recursivePackageDependencies" "appDependencies" "withCallingHandlers" "suppressWarnings" "packrat::status" "withCallingHandlers" "suppressWarnings" "doTryCatch" "tryCatchOne" "tryCatchList" "tryCatch" ".rs.quietPackratStatus" "<Anonymous>" ".Call" "f" "doTryCatch" "tryCatchOne" "tryCatchList" "tryCatch" "withCallingHandlers" ".rs.callAs" "install.packages" 
"gsub" "FUN" "lapply" "FUN" "lapply" "unlist" "getPackageDependencies" "recursivePackageDependencies" "appDependencies" "withCallingHandlers" "suppressWarnings" "packrat::status" "withCallingHandlers" "suppressWarnings" "doTryCatch" "tryCatchOne" "tryCatchList" "tryCatch" ".rs.quietPackratStatus" "<Anonymous>" ".Call" "f" "doTryCatch" "tryCatchOne" "tryCatchList" "tryCatch" "withCallingHandlers" ".rs.callAs" "install.packages" 
"normalizePath" "<Anonymous>" ".Call" "f" "doTryCatch" "tryCatchOne" "tryCatchList" "tryCatch" "withCallingHandlers" ".rs.callAs" "install.packages" 
"aperm" "apply" "find.package" "system.file" "FUN" "FUN" "lapply" "tapply" "eval" "eval" "structure" "by.data.frame" "by" "path.expand" "normalizePath" "<Anonymous>" ".Call" "f" "doTryCatch" "tryCatchOne" "tryCatchList" "tryCatch" "withCallingHandlers" ".rs.callAs" "install.packages" 
".Call" "f" "doTryCatch" "tryCatchOne" "tryCatchList" "tryCatch" "withCallingHandlers" ".rs.callAs" "install.packages" 
".Call" ".rs.getKnitParamsForDocument" ".rs.injectKnitrParamsObject" "<Anonymous>" 
"findCenvVar" "getInlineInfo" "tryInline" "cmpCall" "cmp" "h" "tryInline" "cmpCall" "cmp" "h" "tryInline" "cmpCall" "cmp" "genCode" "cmpfun" "doTryCatch" "tryCatchOne" "tryCatchList" "tryCatch" "compiler:::tryCmpfun" ".rs.resolveObjectFromFunctionCall" ".rs.getCompletionsArgument" ".rs.getCompletionsFunction" ".rs.appendCompletions" ".rs.getRCompletions" ".rs.appendCompletions" "<Anonymous>" 
"lazyLoadDBfetch" "mget" "doTryCatch" "tryCatchOne" "tryCatchList" "tryCatch" ".rs.getHelpFromObject" ".rs.getHelpArgument" "<Anonymous>" 
"lazyLoadDBfetch" "mget" "doTryCatch" "tryCatchOne" "tryCatchList" "tryCatch" ".rs.getHelpFromObject" ".rs.getHelpArgument" "<Anonymous>" 
"lazyLoadDBfetch" "mget" "doTryCatch" "tryCatchOne" "tryCatchList" "tryCatch" ".rs.getHelpFromObject" ".rs.getHelpArgument" "<Anonymous>" 
"do.call" "doTryCatch" "tryCatchOne" "tryCatchList" "tryCatch" ".rs.getHelpFromObject" ".rs.getHelpArgument" "<Anonymous>" 
"of1" "writeSection" "Rd2HTML" "tools:::httpd" "withCallingHandlers" "suppressWarnings" ".rs.getHelp" ".rs.getHelpFromObject" ".rs.getHelpArgument" "<Anonymous>" 
"isBlankLineRd" "addParaBreaks" "writeLines" "writeLinesUTF8" "of1" "writeBlock" "writeContent" "writeSection" "Rd2HTML" "tools:::httpd" "withCallingHandlers" "suppressWarnings" ".rs.getHelp" ".rs.getHelpFromObject" ".rs.getHelpArgument" "<Anonymous>" 
"psub" "addParaBreaks" "writeLines" "writeLinesUTF8" "of1" "writeBlock" "writeContent" "writeSection" "Rd2HTML" "tools:::httpd" "withCallingHandlers" "suppressWarnings" ".rs.getHelp" ".rs.getHelpFromObject" ".rs.getHelpArgument" "<Anonymous>" 
"ls" "FUN" "lapply" ".rs.objectsOnSearchPath" ".rs.getCompletionsSearchPath" "Reduce" "<Anonymous>" 
"grepl" "find.package" "loadNamespace" "getNamespace" "asNamespace" "getExportedValue" "::" 
"unlist" "importIntoEnv" "namespaceImportFrom" "loadNamespace" "getNamespace" "asNamespace" "getExportedValue" "::" 
"gc" "profvis::profvis" 
"gc" "profvis::profvis" 
"gc" "profvis::profvis" 
"gc" "profvis::profvis" 
"gc" "profvis::profvis" 
